Processor_12020/09/27 04:19:38 ServerID: 172.22.156.172_Sun, 27 Sep 2020 04:19:38 CDT
Processor_12020/09/27 04:19:38 selfIP: 172.22.156.172:1234
Processor_12020/09/27 04:19:38 TimeOut: 5
Processor_12020/09/27 04:19:40 Changing to Gossip
Processor_12020/09/27 04:19:43 
New Member Added: 
ID: 172.22.158.172_Sun, 27 Sep 2020 04:19:42 CDT
Count: 0
localTime: 0
Failed: False

Processor_12020/09/27 04:20:35 
New Member Added: 
ID: 172.22.94.172_Sun, 27 Sep 2020 04:20:34 CDT
Count: 0
localTime: 0
Failed: False

Processor_12020/09/27 04:20:37 
New Member Added: 
ID: 172.22.156.173_Sun, 27 Sep 2020 04:20:36 CDT
Count: 0
localTime: 0
Failed: False

Processor_12020/09/27 04:21:26 
New Member Added: 
ID: 172.22.158.173_Sun, 27 Sep 2020 04:21:25 CDT
Count: 0
localTime: 0
Failed: False

Processor_12020/09/27 04:21:29 
New Member Added: 
ID: 172.22.94.173_Sun, 27 Sep 2020 04:21:28 CDT
Count: 0
localTime: 0
Failed: False

Processor_12020/09/27 04:22:26 
New Member Added: 
ID: 172.22.156.174_Sun, 27 Sep 2020 04:22:24 CDT
Count: 0
localTime: 0
Failed: False

Processor_12020/09/27 04:22:27 
New Member Added: 
ID: 172.22.158.174_Sun, 27 Sep 2020 04:22:25 CDT
Count: 0
localTime: 0
Failed: False

Processor_12020/09/27 04:23:21 
New Member Added: 
ID: 172.22.94.174_Sun, 27 Sep 2020 04:23:20 CDT
Count: 0
localTime: 0
Failed: False

Processor_12020/09/27 04:23:22 
New Member Added: 
ID: 172.22.156.175_Sun, 27 Sep 2020 04:23:20 CDT
Count: 0
localTime: 0
Failed: False

Processor_12020/09/27 04:25:15 
Failure detected: 
ID: 172.22.156.175_Sun, 27 Sep 2020 04:23:20 CDT
Count: 441
localTime: 331
Failed: True

Processor_12020/09/27 04:25:16 
Failure detected: 
ID: 172.22.94.174_Sun, 27 Sep 2020 04:23:20 CDT
Count: 385
localTime: 332
Failed: True

Processor_12020/09/27 04:25:18 
Failure detected: 
ID: 172.22.94.173_Sun, 27 Sep 2020 04:21:28 CDT
Count: 853
localTime: 334
Failed: True

Processor_12020/09/27 04:25:20 
Removing Member: 
ID: 172.22.156.175_Sun, 27 Sep 2020 04:23:20 CDT
Count: 441
localTime: 331
Failed: True

Processor_12020/09/27 04:25:21 
Removing Member: 
ID: 172.22.156.174_Sun, 27 Sep 2020 04:22:24 CDT
Count: 636
localTime: 332
Failed: True

Removing Member: 
ID: 172.22.158.174_Sun, 27 Sep 2020 04:22:25 CDT
Count: 642
localTime: 332
Failed: True

Removing Member: 
ID: 172.22.94.174_Sun, 27 Sep 2020 04:23:20 CDT
Count: 385
localTime: 332
Failed: True

Processor_12020/09/27 04:25:23 
Removing Member: 
ID: 172.22.156.173_Sun, 27 Sep 2020 04:20:36 CDT
Count: 1088
localTime: 334
Failed: True

Removing Member: 
ID: 172.22.158.172_Sun, 27 Sep 2020 04:19:42 CDT
Count: 1167
localTime: 334
Failed: True

Removing Member: 
ID: 172.22.158.173_Sun, 27 Sep 2020 04:21:25 CDT
Count: 888
localTime: 334
Failed: True

Removing Member: 
ID: 172.22.94.172_Sun, 27 Sep 2020 04:20:34 CDT
Count: 1089
localTime: 334
Failed: True

Removing Member: 
ID: 172.22.94.173_Sun, 27 Sep 2020 04:21:28 CDT
Count: 853
localTime: 334
Failed: True

