Processor_12020/09/27 03:38:39 Sun, 27 Sep 2020 03:38:39 CDT
Processor_12020/09/27 03:38:39 Byte sent 		: 281 Bytes.
Processor_12020/09/27 03:38:39 Total byte sent	: 281 Bytes.

Processor_12020/09/27 03:38:39 Command(Gossip) Ping ByteSent:6bytes
Processor_12020/09/27 03:38:40 Sun, 27 Sep 2020 03:38:40 CDT
Processor_12020/09/27 03:38:40 Byte sent 		: 281 Bytes.
Processor_12020/09/27 03:38:40 Total byte sent	: 562 Bytes.

Processor_12020/09/27 03:38:41 Sun, 27 Sep 2020 03:38:41 CDT
Processor_12020/09/27 03:38:41 Byte sent 		: 281 Bytes.
Processor_12020/09/27 03:38:41 Total byte sent	: 843 Bytes.

Processor_12020/09/27 03:38:42 Sun, 27 Sep 2020 03:38:42 CDT
Processor_12020/09/27 03:38:42 Byte sent 		: 282 Bytes.
Processor_12020/09/27 03:38:42 Total byte sent	: 1125 Bytes.

Processor_12020/09/27 03:38:43 Sun, 27 Sep 2020 03:38:43 CDT
Processor_12020/09/27 03:38:43 Byte sent 		: 800 Bytes.
Processor_12020/09/27 03:38:43 Total byte sent	: 1925 Bytes.

Processor_12020/09/27 03:38:44 Sun, 27 Sep 2020 03:38:44 CDT
Processor_12020/09/27 03:38:44 Byte sent 		: 802 Bytes.
Processor_12020/09/27 03:38:44 Total byte sent	: 2727 Bytes.

Processor_12020/09/27 03:38:45 Sun, 27 Sep 2020 03:38:45 CDT
Processor_12020/09/27 03:38:45 Byte sent 		: 802 Bytes.
Processor_12020/09/27 03:38:45 Total byte sent	: 3529 Bytes.

Processor_12020/09/27 03:38:46 Sun, 27 Sep 2020 03:38:46 CDT
Processor_12020/09/27 03:38:46 Byte sent 		: 802 Bytes.
Processor_12020/09/27 03:38:46 Total byte sent	: 4331 Bytes.

Processor_12020/09/27 03:38:47 Sun, 27 Sep 2020 03:38:47 CDT
Processor_12020/09/27 03:38:47 Byte sent 		: 1551 Bytes.
Processor_12020/09/27 03:38:47 Total byte sent	: 5882 Bytes.

Processor_12020/09/27 03:38:48 Sun, 27 Sep 2020 03:38:48 CDT
Processor_12020/09/27 03:38:48 Byte sent 		: 1554 Bytes.
Processor_12020/09/27 03:38:48 Total byte sent	: 7436 Bytes.

Processor_12020/09/27 03:38:49 Sun, 27 Sep 2020 03:38:49 CDT
Processor_12020/09/27 03:38:49 Byte sent 		: 2544 Bytes.
Processor_12020/09/27 03:38:49 Total byte sent	: 9980 Bytes.

Processor_12020/09/27 03:38:50 Sun, 27 Sep 2020 03:38:50 CDT
Processor_12020/09/27 03:38:50 Byte sent 		: 2544 Bytes.
Processor_12020/09/27 03:38:50 Total byte sent	: 12524 Bytes.

Processor_12020/09/27 03:38:51 Sun, 27 Sep 2020 03:38:51 CDT
Processor_12020/09/27 03:38:51 Byte sent 		: 2544 Bytes.
Processor_12020/09/27 03:38:51 Total byte sent	: 15068 Bytes.

Processor_12020/09/27 03:38:52 Sun, 27 Sep 2020 03:38:52 CDT
Processor_12020/09/27 03:38:52 Byte sent 		: 2548 Bytes.
Processor_12020/09/27 03:38:52 Total byte sent	: 17616 Bytes.

Processor_12020/09/27 03:39:24 Command(Gossip) Ping ByteSent:0bytes
Processor_12020/09/27 03:39:26 Sun, 27 Sep 2020 03:39:26 CDT
Processor_12020/09/27 03:39:26 Byte sent 		: 281 Bytes.
Processor_12020/09/27 03:39:26 Total byte sent	: 281 Bytes.

Processor_12020/09/27 03:39:27 Sun, 27 Sep 2020 03:39:27 CDT
Processor_12020/09/27 03:39:27 Byte sent 		: 281 Bytes.
Processor_12020/09/27 03:39:27 Total byte sent	: 562 Bytes.

Processor_12020/09/27 03:39:28 Sun, 27 Sep 2020 03:39:28 CDT
Processor_12020/09/27 03:39:28 Byte sent 		: 281 Bytes.
Processor_12020/09/27 03:39:28 Total byte sent	: 843 Bytes.

Processor_12020/09/27 03:39:29 Sun, 27 Sep 2020 03:39:29 CDT
Processor_12020/09/27 03:39:29 Byte sent 		: 282 Bytes.
Processor_12020/09/27 03:39:29 Total byte sent	: 1125 Bytes.

Processor_12020/09/27 03:39:30 Sun, 27 Sep 2020 03:39:30 CDT
Processor_12020/09/27 03:39:30 Byte sent 		: 282 Bytes.
Processor_12020/09/27 03:39:30 Total byte sent	: 1407 Bytes.

Processor_12020/09/27 03:39:31 Sun, 27 Sep 2020 03:39:31 CDT
Processor_12020/09/27 03:39:31 Byte sent 		: 282 Bytes.
Processor_12020/09/27 03:39:31 Total byte sent	: 1689 Bytes.

Processor_12020/09/27 03:39:32 Sun, 27 Sep 2020 03:39:32 CDT
Processor_12020/09/27 03:39:32 Byte sent 		: 283 Bytes.
Processor_12020/09/27 03:39:32 Total byte sent	: 1972 Bytes.

Processor_12020/09/27 03:39:33 Sun, 27 Sep 2020 03:39:33 CDT
Processor_12020/09/27 03:39:33 Byte sent 		: 283 Bytes.
Processor_12020/09/27 03:39:33 Total byte sent	: 2255 Bytes.

Processor_12020/09/27 03:39:34 Sun, 27 Sep 2020 03:39:34 CDT
Processor_12020/09/27 03:39:34 Byte sent 		: 283 Bytes.
Processor_12020/09/27 03:39:34 Total byte sent	: 2538 Bytes.

Processor_12020/09/27 03:39:35 Sun, 27 Sep 2020 03:39:35 CDT
Processor_12020/09/27 03:39:35 Byte sent 		: 283 Bytes.
Processor_12020/09/27 03:39:35 Total byte sent	: 2821 Bytes.

Processor_12020/09/27 03:39:36 Sun, 27 Sep 2020 03:39:36 CDT
Processor_12020/09/27 03:39:36 Byte sent 		: 283 Bytes.
Processor_12020/09/27 03:39:36 Total byte sent	: 3104 Bytes.

Processor_12020/09/27 03:39:37 Sun, 27 Sep 2020 03:39:37 CDT
Processor_12020/09/27 03:39:37 Byte sent 		: 283 Bytes.
Processor_12020/09/27 03:39:37 Total byte sent	: 3387 Bytes.

Processor_12020/09/27 03:39:38 Sun, 27 Sep 2020 03:39:38 CDT
Processor_12020/09/27 03:39:38 Byte sent 		: 283 Bytes.
Processor_12020/09/27 03:39:38 Total byte sent	: 3670 Bytes.

Processor_12020/09/27 03:39:39 Sun, 27 Sep 2020 03:39:39 CDT
Processor_12020/09/27 03:39:39 Byte sent 		: 283 Bytes.
Processor_12020/09/27 03:39:39 Total byte sent	: 3953 Bytes.

Processor_12020/09/27 03:39:40 Sun, 27 Sep 2020 03:39:40 CDT
Processor_12020/09/27 03:39:40 Byte sent 		: 283 Bytes.
Processor_12020/09/27 03:39:40 Total byte sent	: 4236 Bytes.

Processor_12020/09/27 03:39:41 Sun, 27 Sep 2020 03:39:41 CDT
Processor_12020/09/27 03:39:41 Byte sent 		: 283 Bytes.
Processor_12020/09/27 03:39:41 Total byte sent	: 4519 Bytes.

Processor_12020/09/27 03:39:42 Sun, 27 Sep 2020 03:39:42 CDT
Processor_12020/09/27 03:39:42 Byte sent 		: 283 Bytes.
Processor_12020/09/27 03:39:42 Total byte sent	: 4802 Bytes.

Processor_12020/09/27 03:39:43 Sun, 27 Sep 2020 03:39:43 CDT
Processor_12020/09/27 03:39:43 Byte sent 		: 283 Bytes.
Processor_12020/09/27 03:39:43 Total byte sent	: 5085 Bytes.

Processor_12020/09/27 03:39:44 Sun, 27 Sep 2020 03:39:44 CDT
Processor_12020/09/27 03:39:44 Byte sent 		: 283 Bytes.
Processor_12020/09/27 03:39:44 Total byte sent	: 5368 Bytes.

Processor_12020/09/27 03:39:45 Sun, 27 Sep 2020 03:39:45 CDT
Processor_12020/09/27 03:39:45 Byte sent 		: 283 Bytes.
Processor_12020/09/27 03:39:45 Total byte sent	: 5651 Bytes.

Processor_12020/09/27 03:39:46 Sun, 27 Sep 2020 03:39:46 CDT
Processor_12020/09/27 03:39:46 Byte sent 		: 283 Bytes.
Processor_12020/09/27 03:39:46 Total byte sent	: 5934 Bytes.

Processor_12020/09/27 03:39:47 Sun, 27 Sep 2020 03:39:47 CDT
Processor_12020/09/27 03:39:47 Byte sent 		: 283 Bytes.
Processor_12020/09/27 03:39:47 Total byte sent	: 6217 Bytes.

Processor_12020/09/27 03:39:48 Sun, 27 Sep 2020 03:39:48 CDT
Processor_12020/09/27 03:39:48 Byte sent 		: 283 Bytes.
Processor_12020/09/27 03:39:48 Total byte sent	: 6500 Bytes.

Processor_12020/09/27 03:39:49 Sun, 27 Sep 2020 03:39:49 CDT
Processor_12020/09/27 03:39:49 Byte sent 		: 283 Bytes.
Processor_12020/09/27 03:39:49 Total byte sent	: 6783 Bytes.

Processor_12020/09/27 03:39:50 Sun, 27 Sep 2020 03:39:50 CDT
Processor_12020/09/27 03:39:50 Byte sent 		: 283 Bytes.
Processor_12020/09/27 03:39:50 Total byte sent	: 7066 Bytes.

Processor_12020/09/27 03:39:51 Sun, 27 Sep 2020 03:39:51 CDT
Processor_12020/09/27 03:39:51 Byte sent 		: 283 Bytes.
Processor_12020/09/27 03:39:51 Total byte sent	: 7349 Bytes.

Processor_12020/09/27 03:39:52 Sun, 27 Sep 2020 03:39:52 CDT
Processor_12020/09/27 03:39:52 Byte sent 		: 283 Bytes.
Processor_12020/09/27 03:39:52 Total byte sent	: 7632 Bytes.

Processor_12020/09/27 03:39:53 Sun, 27 Sep 2020 03:39:53 CDT
Processor_12020/09/27 03:39:53 Byte sent 		: 283 Bytes.
Processor_12020/09/27 03:39:53 Total byte sent	: 7915 Bytes.

Processor_12020/09/27 03:39:54 Sun, 27 Sep 2020 03:39:54 CDT
Processor_12020/09/27 03:39:54 Byte sent 		: 283 Bytes.
Processor_12020/09/27 03:39:54 Total byte sent	: 8198 Bytes.

Processor_12020/09/27 03:39:55 Sun, 27 Sep 2020 03:39:55 CDT
Processor_12020/09/27 03:39:55 Byte sent 		: 283 Bytes.
Processor_12020/09/27 03:39:55 Total byte sent	: 8481 Bytes.

Processor_12020/09/27 03:39:56 Sun, 27 Sep 2020 03:39:56 CDT
Processor_12020/09/27 03:39:56 Byte sent 		: 283 Bytes.
Processor_12020/09/27 03:39:56 Total byte sent	: 8764 Bytes.

Processor_12020/09/27 03:39:57 Sun, 27 Sep 2020 03:39:57 CDT
Processor_12020/09/27 03:39:57 Byte sent 		: 283 Bytes.
Processor_12020/09/27 03:39:57 Total byte sent	: 9047 Bytes.

Processor_12020/09/27 03:39:58 Sun, 27 Sep 2020 03:39:58 CDT
Processor_12020/09/27 03:39:58 Byte sent 		: 283 Bytes.
Processor_12020/09/27 03:39:58 Total byte sent	: 9330 Bytes.

Processor_12020/09/27 03:39:59 Sun, 27 Sep 2020 03:39:59 CDT
Processor_12020/09/27 03:39:59 Byte sent 		: 283 Bytes.
Processor_12020/09/27 03:39:59 Total byte sent	: 9613 Bytes.

Processor_12020/09/27 03:40:00 Sun, 27 Sep 2020 03:40:00 CDT
Processor_12020/09/27 03:40:00 Byte sent 		: 283 Bytes.
Processor_12020/09/27 03:40:00 Total byte sent	: 9896 Bytes.

Processor_12020/09/27 03:40:01 Sun, 27 Sep 2020 03:40:01 CDT
Processor_12020/09/27 03:40:01 Byte sent 		: 283 Bytes.
Processor_12020/09/27 03:40:01 Total byte sent	: 10179 Bytes.

Processor_12020/09/27 03:40:02 Sun, 27 Sep 2020 03:40:02 CDT
Processor_12020/09/27 03:40:02 Byte sent 		: 283 Bytes.
Processor_12020/09/27 03:40:02 Total byte sent	: 10462 Bytes.

Processor_12020/09/27 03:40:03 Sun, 27 Sep 2020 03:40:03 CDT
Processor_12020/09/27 03:40:03 Byte sent 		: 283 Bytes.
Processor_12020/09/27 03:40:03 Total byte sent	: 10745 Bytes.

Processor_12020/09/27 03:40:04 Sun, 27 Sep 2020 03:40:04 CDT
Processor_12020/09/27 03:40:04 Byte sent 		: 283 Bytes.
Processor_12020/09/27 03:40:04 Total byte sent	: 11028 Bytes.

Processor_12020/09/27 03:40:05 Sun, 27 Sep 2020 03:40:05 CDT
Processor_12020/09/27 03:40:05 Byte sent 		: 283 Bytes.
Processor_12020/09/27 03:40:05 Total byte sent	: 11311 Bytes.

Processor_12020/09/27 03:40:06 Sun, 27 Sep 2020 03:40:06 CDT
Processor_12020/09/27 03:40:06 Byte sent 		: 283 Bytes.
Processor_12020/09/27 03:40:06 Total byte sent	: 11594 Bytes.

Processor_12020/09/27 03:40:07 Sun, 27 Sep 2020 03:40:07 CDT
Processor_12020/09/27 03:40:07 Byte sent 		: 283 Bytes.
Processor_12020/09/27 03:40:07 Total byte sent	: 11877 Bytes.

Processor_12020/09/27 03:40:08 Sun, 27 Sep 2020 03:40:08 CDT
Processor_12020/09/27 03:40:08 Byte sent 		: 283 Bytes.
Processor_12020/09/27 03:40:08 Total byte sent	: 12160 Bytes.

Processor_12020/09/27 03:40:09 Sun, 27 Sep 2020 03:40:09 CDT
Processor_12020/09/27 03:40:09 Byte sent 		: 283 Bytes.
Processor_12020/09/27 03:40:09 Total byte sent	: 12443 Bytes.

Processor_12020/09/27 03:40:10 Sun, 27 Sep 2020 03:40:10 CDT
Processor_12020/09/27 03:40:10 Byte sent 		: 283 Bytes.
Processor_12020/09/27 03:40:10 Total byte sent	: 12726 Bytes.

Processor_12020/09/27 03:40:11 Sun, 27 Sep 2020 03:40:11 CDT
Processor_12020/09/27 03:40:11 Byte sent 		: 283 Bytes.
Processor_12020/09/27 03:40:11 Total byte sent	: 13009 Bytes.

Processor_12020/09/27 03:40:12 Sun, 27 Sep 2020 03:40:12 CDT
Processor_12020/09/27 03:40:12 Byte sent 		: 283 Bytes.
Processor_12020/09/27 03:40:12 Total byte sent	: 13292 Bytes.

Processor_12020/09/27 03:40:13 Sun, 27 Sep 2020 03:40:13 CDT
Processor_12020/09/27 03:40:13 Byte sent 		: 283 Bytes.
Processor_12020/09/27 03:40:13 Total byte sent	: 13575 Bytes.

Processor_12020/09/27 03:40:14 Sun, 27 Sep 2020 03:40:14 CDT
Processor_12020/09/27 03:40:14 Byte sent 		: 284 Bytes.
Processor_12020/09/27 03:40:14 Total byte sent	: 13859 Bytes.

Processor_12020/09/27 03:40:15 Sun, 27 Sep 2020 03:40:15 CDT
Processor_12020/09/27 03:40:15 Byte sent 		: 284 Bytes.
Processor_12020/09/27 03:40:15 Total byte sent	: 14143 Bytes.

Processor_12020/09/27 03:40:16 Sun, 27 Sep 2020 03:40:16 CDT
Processor_12020/09/27 03:40:16 Byte sent 		: 284 Bytes.
Processor_12020/09/27 03:40:16 Total byte sent	: 14427 Bytes.

Processor_12020/09/27 03:40:17 Sun, 27 Sep 2020 03:40:17 CDT
Processor_12020/09/27 03:40:17 Byte sent 		: 285 Bytes.
Processor_12020/09/27 03:40:17 Total byte sent	: 14712 Bytes.

Processor_12020/09/27 03:40:18 Sun, 27 Sep 2020 03:40:18 CDT
Processor_12020/09/27 03:40:18 Byte sent 		: 285 Bytes.
Processor_12020/09/27 03:40:18 Total byte sent	: 14997 Bytes.

Processor_12020/09/27 03:40:19 Sun, 27 Sep 2020 03:40:19 CDT
Processor_12020/09/27 03:40:19 Byte sent 		: 285 Bytes.
Processor_12020/09/27 03:40:19 Total byte sent	: 15282 Bytes.

Processor_12020/09/27 03:40:20 Sun, 27 Sep 2020 03:40:20 CDT
Processor_12020/09/27 03:40:20 Byte sent 		: 285 Bytes.
Processor_12020/09/27 03:40:20 Total byte sent	: 15567 Bytes.

Processor_12020/09/27 03:40:21 Sun, 27 Sep 2020 03:40:21 CDT
Processor_12020/09/27 03:40:21 Byte sent 		: 285 Bytes.
Processor_12020/09/27 03:40:21 Total byte sent	: 15852 Bytes.

Processor_12020/09/27 03:40:22 Sun, 27 Sep 2020 03:40:22 CDT
Processor_12020/09/27 03:40:22 Byte sent 		: 285 Bytes.
Processor_12020/09/27 03:40:22 Total byte sent	: 16137 Bytes.

Processor_12020/09/27 03:40:23 Sun, 27 Sep 2020 03:40:23 CDT
Processor_12020/09/27 03:40:23 Byte sent 		: 285 Bytes.
Processor_12020/09/27 03:40:23 Total byte sent	: 16422 Bytes.

Processor_12020/09/27 03:40:24 Sun, 27 Sep 2020 03:40:24 CDT
Processor_12020/09/27 03:40:24 Byte sent 		: 285 Bytes.
Processor_12020/09/27 03:40:24 Total byte sent	: 16707 Bytes.

Processor_12020/09/27 03:40:25 Sun, 27 Sep 2020 03:40:25 CDT
Processor_12020/09/27 03:40:25 Byte sent 		: 285 Bytes.
Processor_12020/09/27 03:40:25 Total byte sent	: 16992 Bytes.

Processor_12020/09/27 03:40:26 Sun, 27 Sep 2020 03:40:26 CDT
Processor_12020/09/27 03:40:26 Byte sent 		: 285 Bytes.
Processor_12020/09/27 03:40:26 Total byte sent	: 17277 Bytes.

Processor_12020/09/27 03:40:27 Sun, 27 Sep 2020 03:40:27 CDT
Processor_12020/09/27 03:40:27 Byte sent 		: 285 Bytes.
Processor_12020/09/27 03:40:27 Total byte sent	: 17562 Bytes.

Processor_12020/09/27 03:40:28 Sun, 27 Sep 2020 03:40:28 CDT
Processor_12020/09/27 03:40:28 Byte sent 		: 285 Bytes.
Processor_12020/09/27 03:40:28 Total byte sent	: 17847 Bytes.

Processor_12020/09/27 03:40:29 Sun, 27 Sep 2020 03:40:29 CDT
Processor_12020/09/27 03:40:29 Byte sent 		: 285 Bytes.
Processor_12020/09/27 03:40:29 Total byte sent	: 18132 Bytes.

Processor_12020/09/27 03:40:30 Sun, 27 Sep 2020 03:40:30 CDT
Processor_12020/09/27 03:40:30 Byte sent 		: 285 Bytes.
Processor_12020/09/27 03:40:30 Total byte sent	: 18417 Bytes.

Processor_12020/09/27 03:40:31 Sun, 27 Sep 2020 03:40:31 CDT
Processor_12020/09/27 03:40:31 Byte sent 		: 285 Bytes.
Processor_12020/09/27 03:40:31 Total byte sent	: 18702 Bytes.

Processor_12020/09/27 03:40:32 Sun, 27 Sep 2020 03:40:32 CDT
Processor_12020/09/27 03:40:32 Byte sent 		: 285 Bytes.
Processor_12020/09/27 03:40:32 Total byte sent	: 18987 Bytes.

Processor_12020/09/27 03:40:33 Sun, 27 Sep 2020 03:40:33 CDT
Processor_12020/09/27 03:40:33 Byte sent 		: 285 Bytes.
Processor_12020/09/27 03:40:33 Total byte sent	: 19272 Bytes.

Processor_12020/09/27 03:40:34 Sun, 27 Sep 2020 03:40:34 CDT
Processor_12020/09/27 03:40:34 Byte sent 		: 285 Bytes.
Processor_12020/09/27 03:40:34 Total byte sent	: 19557 Bytes.

Processor_12020/09/27 03:40:35 Sun, 27 Sep 2020 03:40:35 CDT
Processor_12020/09/27 03:40:35 Byte sent 		: 285 Bytes.
Processor_12020/09/27 03:40:35 Total byte sent	: 19842 Bytes.

Processor_12020/09/27 03:40:36 Sun, 27 Sep 2020 03:40:36 CDT
Processor_12020/09/27 03:40:36 Byte sent 		: 285 Bytes.
Processor_12020/09/27 03:40:36 Total byte sent	: 20127 Bytes.

Processor_12020/09/27 03:40:37 Sun, 27 Sep 2020 03:40:37 CDT
Processor_12020/09/27 03:40:37 Byte sent 		: 285 Bytes.
Processor_12020/09/27 03:40:37 Total byte sent	: 20412 Bytes.

Processor_12020/09/27 03:40:38 Sun, 27 Sep 2020 03:40:38 CDT
Processor_12020/09/27 03:40:38 Byte sent 		: 285 Bytes.
Processor_12020/09/27 03:40:38 Total byte sent	: 20697 Bytes.

Processor_12020/09/27 03:40:39 Sun, 27 Sep 2020 03:40:39 CDT
Processor_12020/09/27 03:40:39 Byte sent 		: 285 Bytes.
Processor_12020/09/27 03:40:39 Total byte sent	: 20982 Bytes.

Processor_12020/09/27 03:40:40 Sun, 27 Sep 2020 03:40:40 CDT
Processor_12020/09/27 03:40:40 Byte sent 		: 285 Bytes.
Processor_12020/09/27 03:40:40 Total byte sent	: 21267 Bytes.

Processor_12020/09/27 03:40:41 Sun, 27 Sep 2020 03:40:41 CDT
Processor_12020/09/27 03:40:41 Byte sent 		: 285 Bytes.
Processor_12020/09/27 03:40:41 Total byte sent	: 21552 Bytes.

Processor_12020/09/27 03:40:42 Sun, 27 Sep 2020 03:40:42 CDT
Processor_12020/09/27 03:40:42 Byte sent 		: 285 Bytes.
Processor_12020/09/27 03:40:42 Total byte sent	: 21837 Bytes.

Processor_12020/09/27 03:40:43 Sun, 27 Sep 2020 03:40:43 CDT
Processor_12020/09/27 03:40:43 Byte sent 		: 285 Bytes.
Processor_12020/09/27 03:40:43 Total byte sent	: 22122 Bytes.

Processor_12020/09/27 03:40:44 Sun, 27 Sep 2020 03:40:44 CDT
Processor_12020/09/27 03:40:44 Byte sent 		: 285 Bytes.
Processor_12020/09/27 03:40:44 Total byte sent	: 22407 Bytes.

Processor_12020/09/27 03:40:45 Sun, 27 Sep 2020 03:40:45 CDT
Processor_12020/09/27 03:40:45 Byte sent 		: 285 Bytes.
Processor_12020/09/27 03:40:45 Total byte sent	: 22692 Bytes.

Processor_12020/09/27 03:40:46 Sun, 27 Sep 2020 03:40:46 CDT
Processor_12020/09/27 03:40:46 Byte sent 		: 285 Bytes.
Processor_12020/09/27 03:40:46 Total byte sent	: 22977 Bytes.

Processor_12020/09/27 03:40:47 Sun, 27 Sep 2020 03:40:47 CDT
Processor_12020/09/27 03:40:47 Byte sent 		: 285 Bytes.
Processor_12020/09/27 03:40:47 Total byte sent	: 23262 Bytes.

Processor_12020/09/27 03:40:48 Sun, 27 Sep 2020 03:40:48 CDT
Processor_12020/09/27 03:40:48 Byte sent 		: 285 Bytes.
Processor_12020/09/27 03:40:48 Total byte sent	: 23547 Bytes.

Processor_12020/09/27 03:40:49 Sun, 27 Sep 2020 03:40:49 CDT
Processor_12020/09/27 03:40:49 Byte sent 		: 285 Bytes.
Processor_12020/09/27 03:40:49 Total byte sent	: 23832 Bytes.

Processor_12020/09/27 03:40:50 Sun, 27 Sep 2020 03:40:50 CDT
Processor_12020/09/27 03:40:50 Byte sent 		: 285 Bytes.
Processor_12020/09/27 03:40:50 Total byte sent	: 24117 Bytes.

Processor_12020/09/27 03:40:51 Sun, 27 Sep 2020 03:40:51 CDT
Processor_12020/09/27 03:40:51 Byte sent 		: 285 Bytes.
Processor_12020/09/27 03:40:51 Total byte sent	: 24402 Bytes.

Processor_12020/09/27 03:40:52 Sun, 27 Sep 2020 03:40:52 CDT
Processor_12020/09/27 03:40:52 Byte sent 		: 285 Bytes.
Processor_12020/09/27 03:40:52 Total byte sent	: 24687 Bytes.

Processor_12020/09/27 03:40:53 Sun, 27 Sep 2020 03:40:53 CDT
Processor_12020/09/27 03:40:53 Byte sent 		: 285 Bytes.
Processor_12020/09/27 03:40:53 Total byte sent	: 24972 Bytes.

Processor_12020/09/27 03:40:54 Sun, 27 Sep 2020 03:40:54 CDT
Processor_12020/09/27 03:40:54 Byte sent 		: 285 Bytes.
Processor_12020/09/27 03:40:54 Total byte sent	: 25257 Bytes.

Processor_12020/09/27 03:40:55 Sun, 27 Sep 2020 03:40:55 CDT
Processor_12020/09/27 03:40:55 Byte sent 		: 285 Bytes.
Processor_12020/09/27 03:40:55 Total byte sent	: 25542 Bytes.

Processor_12020/09/27 03:40:56 Sun, 27 Sep 2020 03:40:56 CDT
Processor_12020/09/27 03:40:56 Byte sent 		: 285 Bytes.
Processor_12020/09/27 03:40:56 Total byte sent	: 25827 Bytes.

Processor_12020/09/27 03:40:57 Sun, 27 Sep 2020 03:40:57 CDT
Processor_12020/09/27 03:40:57 Byte sent 		: 285 Bytes.
Processor_12020/09/27 03:40:57 Total byte sent	: 26112 Bytes.

Processor_12020/09/27 03:40:58 Sun, 27 Sep 2020 03:40:58 CDT
Processor_12020/09/27 03:40:58 Byte sent 		: 285 Bytes.
Processor_12020/09/27 03:40:58 Total byte sent	: 26397 Bytes.

Processor_12020/09/27 03:40:59 Sun, 27 Sep 2020 03:40:59 CDT
Processor_12020/09/27 03:40:59 Byte sent 		: 285 Bytes.
Processor_12020/09/27 03:40:59 Total byte sent	: 26682 Bytes.

Processor_12020/09/27 03:41:00 Sun, 27 Sep 2020 03:41:00 CDT
Processor_12020/09/27 03:41:00 Byte sent 		: 285 Bytes.
Processor_12020/09/27 03:41:00 Total byte sent	: 26967 Bytes.

Processor_12020/09/27 03:41:01 Sun, 27 Sep 2020 03:41:01 CDT
Processor_12020/09/27 03:41:01 Byte sent 		: 285 Bytes.
Processor_12020/09/27 03:41:01 Total byte sent	: 27252 Bytes.

Processor_12020/09/27 03:41:02 Sun, 27 Sep 2020 03:41:02 CDT
Processor_12020/09/27 03:41:02 Byte sent 		: 285 Bytes.
Processor_12020/09/27 03:41:02 Total byte sent	: 27537 Bytes.

Processor_12020/09/27 03:41:03 Sun, 27 Sep 2020 03:41:03 CDT
Processor_12020/09/27 03:41:03 Byte sent 		: 285 Bytes.
Processor_12020/09/27 03:41:03 Total byte sent	: 27822 Bytes.

Processor_12020/09/27 03:41:04 Sun, 27 Sep 2020 03:41:04 CDT
Processor_12020/09/27 03:41:04 Byte sent 		: 285 Bytes.
Processor_12020/09/27 03:41:04 Total byte sent	: 28107 Bytes.

Processor_12020/09/27 03:41:05 Sun, 27 Sep 2020 03:41:05 CDT
Processor_12020/09/27 03:41:05 Byte sent 		: 285 Bytes.
Processor_12020/09/27 03:41:05 Total byte sent	: 28392 Bytes.

Processor_12020/09/27 03:41:06 Sun, 27 Sep 2020 03:41:06 CDT
Processor_12020/09/27 03:41:06 Byte sent 		: 285 Bytes.
Processor_12020/09/27 03:41:06 Total byte sent	: 28677 Bytes.

Processor_12020/09/27 03:41:07 Sun, 27 Sep 2020 03:41:07 CDT
Processor_12020/09/27 03:41:07 Byte sent 		: 285 Bytes.
Processor_12020/09/27 03:41:07 Total byte sent	: 28962 Bytes.

Processor_12020/09/27 03:41:08 Sun, 27 Sep 2020 03:41:08 CDT
Processor_12020/09/27 03:41:08 Byte sent 		: 285 Bytes.
Processor_12020/09/27 03:41:08 Total byte sent	: 29247 Bytes.

Processor_12020/09/27 03:41:09 Sun, 27 Sep 2020 03:41:09 CDT
Processor_12020/09/27 03:41:09 Byte sent 		: 285 Bytes.
Processor_12020/09/27 03:41:09 Total byte sent	: 29532 Bytes.

Processor_12020/09/27 03:41:10 Sun, 27 Sep 2020 03:41:10 CDT
Processor_12020/09/27 03:41:10 Byte sent 		: 285 Bytes.
Processor_12020/09/27 03:41:10 Total byte sent	: 29817 Bytes.

Processor_12020/09/27 03:41:11 Sun, 27 Sep 2020 03:41:11 CDT
Processor_12020/09/27 03:41:11 Byte sent 		: 285 Bytes.
Processor_12020/09/27 03:41:11 Total byte sent	: 30102 Bytes.

Processor_12020/09/27 03:41:12 Sun, 27 Sep 2020 03:41:12 CDT
Processor_12020/09/27 03:41:12 Byte sent 		: 285 Bytes.
Processor_12020/09/27 03:41:12 Total byte sent	: 30387 Bytes.

Processor_12020/09/27 03:41:13 Sun, 27 Sep 2020 03:41:13 CDT
Processor_12020/09/27 03:41:13 Byte sent 		: 285 Bytes.
Processor_12020/09/27 03:41:13 Total byte sent	: 30672 Bytes.

Processor_12020/09/27 03:41:14 Sun, 27 Sep 2020 03:41:14 CDT
Processor_12020/09/27 03:41:14 Byte sent 		: 285 Bytes.
Processor_12020/09/27 03:41:14 Total byte sent	: 30957 Bytes.

Processor_12020/09/27 03:41:15 Sun, 27 Sep 2020 03:41:15 CDT
Processor_12020/09/27 03:41:15 Byte sent 		: 285 Bytes.
Processor_12020/09/27 03:41:15 Total byte sent	: 31242 Bytes.

Processor_12020/09/27 03:41:16 Sun, 27 Sep 2020 03:41:16 CDT
Processor_12020/09/27 03:41:16 Byte sent 		: 285 Bytes.
Processor_12020/09/27 03:41:16 Total byte sent	: 31527 Bytes.

Processor_12020/09/27 03:41:17 Sun, 27 Sep 2020 03:41:17 CDT
Processor_12020/09/27 03:41:17 Byte sent 		: 285 Bytes.
Processor_12020/09/27 03:41:17 Total byte sent	: 31812 Bytes.

Processor_12020/09/27 03:41:18 Sun, 27 Sep 2020 03:41:18 CDT
Processor_12020/09/27 03:41:18 Byte sent 		: 285 Bytes.
Processor_12020/09/27 03:41:18 Total byte sent	: 32097 Bytes.

Processor_12020/09/27 03:41:19 Sun, 27 Sep 2020 03:41:19 CDT
Processor_12020/09/27 03:41:19 Byte sent 		: 285 Bytes.
Processor_12020/09/27 03:41:19 Total byte sent	: 32382 Bytes.

Processor_12020/09/27 03:41:20 Sun, 27 Sep 2020 03:41:20 CDT
Processor_12020/09/27 03:41:20 Byte sent 		: 802 Bytes.
Processor_12020/09/27 03:41:20 Total byte sent	: 33184 Bytes.

Processor_12020/09/27 03:41:21 Sun, 27 Sep 2020 03:41:21 CDT
Processor_12020/09/27 03:41:21 Byte sent 		: 1557 Bytes.
Processor_12020/09/27 03:41:21 Total byte sent	: 34741 Bytes.

Processor_12020/09/27 03:41:22 Sun, 27 Sep 2020 03:41:22 CDT
Processor_12020/09/27 03:41:22 Byte sent 		: 1557 Bytes.
Processor_12020/09/27 03:41:22 Total byte sent	: 36298 Bytes.

Processor_12020/09/27 03:41:23 Sun, 27 Sep 2020 03:41:23 CDT
Processor_12020/09/27 03:41:23 Byte sent 		: 1557 Bytes.
Processor_12020/09/27 03:41:23 Total byte sent	: 37855 Bytes.

Processor_12020/09/27 03:41:24 Sun, 27 Sep 2020 03:41:24 CDT
Processor_12020/09/27 03:41:24 Byte sent 		: 1557 Bytes.
Processor_12020/09/27 03:41:24 Total byte sent	: 39412 Bytes.

Processor_12020/09/27 03:41:25 Sun, 27 Sep 2020 03:41:25 CDT
Processor_12020/09/27 03:41:25 Byte sent 		: 1560 Bytes.
Processor_12020/09/27 03:41:25 Total byte sent	: 40972 Bytes.

Processor_12020/09/27 03:41:26 Sun, 27 Sep 2020 03:41:26 CDT
Processor_12020/09/27 03:41:26 Byte sent 		: 1563 Bytes.
Processor_12020/09/27 03:41:26 Total byte sent	: 42535 Bytes.

Processor_12020/09/27 03:41:27 Sun, 27 Sep 2020 03:41:27 CDT
Processor_12020/09/27 03:41:27 Byte sent 		: 1563 Bytes.
Processor_12020/09/27 03:41:27 Total byte sent	: 44098 Bytes.

Processor_12020/09/27 03:41:28 Sun, 27 Sep 2020 03:41:28 CDT
Processor_12020/09/27 03:41:28 Byte sent 		: 1563 Bytes.
Processor_12020/09/27 03:41:28 Total byte sent	: 45661 Bytes.

Processor_12020/09/27 03:41:29 Sun, 27 Sep 2020 03:41:29 CDT
Processor_12020/09/27 03:41:29 Byte sent 		: 1563 Bytes.
Processor_12020/09/27 03:41:29 Total byte sent	: 47224 Bytes.

Processor_12020/09/27 03:41:30 Sun, 27 Sep 2020 03:41:30 CDT
Processor_12020/09/27 03:41:30 Byte sent 		: 1563 Bytes.
Processor_12020/09/27 03:41:30 Total byte sent	: 48787 Bytes.

Processor_12020/09/27 03:41:31 Sun, 27 Sep 2020 03:41:31 CDT
Processor_12020/09/27 03:41:31 Byte sent 		: 1563 Bytes.
Processor_12020/09/27 03:41:31 Total byte sent	: 50350 Bytes.

Processor_12020/09/27 03:41:32 Sun, 27 Sep 2020 03:41:32 CDT
Processor_12020/09/27 03:41:32 Byte sent 		: 1563 Bytes.
Processor_12020/09/27 03:41:32 Total byte sent	: 51913 Bytes.

Processor_12020/09/27 03:41:33 Sun, 27 Sep 2020 03:41:33 CDT
Processor_12020/09/27 03:41:33 Byte sent 		: 1563 Bytes.
Processor_12020/09/27 03:41:33 Total byte sent	: 53476 Bytes.

Processor_12020/09/27 03:41:34 Sun, 27 Sep 2020 03:41:34 CDT
Processor_12020/09/27 03:41:34 Byte sent 		: 1563 Bytes.
Processor_12020/09/27 03:41:34 Total byte sent	: 55039 Bytes.

Processor_12020/09/27 03:41:35 Sun, 27 Sep 2020 03:41:35 CDT
Processor_12020/09/27 03:41:35 Byte sent 		: 1563 Bytes.
Processor_12020/09/27 03:41:35 Total byte sent	: 56602 Bytes.

Processor_12020/09/27 03:41:36 Sun, 27 Sep 2020 03:41:36 CDT
Processor_12020/09/27 03:41:36 Byte sent 		: 1563 Bytes.
Processor_12020/09/27 03:41:36 Total byte sent	: 58165 Bytes.

Processor_12020/09/27 03:41:37 Sun, 27 Sep 2020 03:41:37 CDT
Processor_12020/09/27 03:41:37 Byte sent 		: 1563 Bytes.
Processor_12020/09/27 03:41:37 Total byte sent	: 59728 Bytes.

Processor_12020/09/27 03:41:38 Sun, 27 Sep 2020 03:41:38 CDT
Processor_12020/09/27 03:41:38 Byte sent 		: 1563 Bytes.
Processor_12020/09/27 03:41:38 Total byte sent	: 61291 Bytes.

Processor_12020/09/27 03:41:39 Sun, 27 Sep 2020 03:41:39 CDT
Processor_12020/09/27 03:41:39 Byte sent 		: 1563 Bytes.
Processor_12020/09/27 03:41:39 Total byte sent	: 62854 Bytes.

Processor_12020/09/27 03:41:40 Sun, 27 Sep 2020 03:41:40 CDT
Processor_12020/09/27 03:41:40 Byte sent 		: 1563 Bytes.
Processor_12020/09/27 03:41:40 Total byte sent	: 64417 Bytes.

Processor_12020/09/27 03:41:41 Sun, 27 Sep 2020 03:41:41 CDT
Processor_12020/09/27 03:41:41 Byte sent 		: 1563 Bytes.
Processor_12020/09/27 03:41:41 Total byte sent	: 65980 Bytes.

Processor_12020/09/27 03:41:42 Sun, 27 Sep 2020 03:41:42 CDT
Processor_12020/09/27 03:41:42 Byte sent 		: 1563 Bytes.
Processor_12020/09/27 03:41:42 Total byte sent	: 67543 Bytes.

Processor_12020/09/27 03:41:43 Sun, 27 Sep 2020 03:41:43 CDT
Processor_12020/09/27 03:41:43 Byte sent 		: 1563 Bytes.
Processor_12020/09/27 03:41:43 Total byte sent	: 69106 Bytes.

Processor_12020/09/27 03:41:44 Sun, 27 Sep 2020 03:41:44 CDT
Processor_12020/09/27 03:41:44 Byte sent 		: 1563 Bytes.
Processor_12020/09/27 03:41:44 Total byte sent	: 70669 Bytes.

Processor_12020/09/27 03:41:45 Sun, 27 Sep 2020 03:41:45 CDT
Processor_12020/09/27 03:41:45 Byte sent 		: 1563 Bytes.
Processor_12020/09/27 03:41:45 Total byte sent	: 72232 Bytes.

Processor_12020/09/27 03:41:46 Sun, 27 Sep 2020 03:41:46 CDT
Processor_12020/09/27 03:41:46 Byte sent 		: 1563 Bytes.
Processor_12020/09/27 03:41:46 Total byte sent	: 73795 Bytes.

Processor_12020/09/27 03:41:47 Sun, 27 Sep 2020 03:41:47 CDT
Processor_12020/09/27 03:41:47 Byte sent 		: 1563 Bytes.
Processor_12020/09/27 03:41:47 Total byte sent	: 75358 Bytes.

Processor_12020/09/27 03:41:48 Sun, 27 Sep 2020 03:41:48 CDT
Processor_12020/09/27 03:41:48 Byte sent 		: 1569 Bytes.
Processor_12020/09/27 03:41:48 Total byte sent	: 76927 Bytes.

Processor_12020/09/27 03:41:49 Sun, 27 Sep 2020 03:41:49 CDT
Processor_12020/09/27 03:41:49 Byte sent 		: 1569 Bytes.
Processor_12020/09/27 03:41:49 Total byte sent	: 78496 Bytes.

Processor_12020/09/27 03:41:50 Sun, 27 Sep 2020 03:41:50 CDT
Processor_12020/09/27 03:41:50 Byte sent 		: 1569 Bytes.
Processor_12020/09/27 03:41:50 Total byte sent	: 80065 Bytes.

Processor_12020/09/27 03:41:51 Sun, 27 Sep 2020 03:41:51 CDT
Processor_12020/09/27 03:41:51 Byte sent 		: 1569 Bytes.
Processor_12020/09/27 03:41:51 Total byte sent	: 81634 Bytes.

Processor_12020/09/27 03:41:52 Sun, 27 Sep 2020 03:41:52 CDT
Processor_12020/09/27 03:41:52 Byte sent 		: 1569 Bytes.
Processor_12020/09/27 03:41:52 Total byte sent	: 83203 Bytes.

Processor_12020/09/27 03:41:53 Sun, 27 Sep 2020 03:41:53 CDT
Processor_12020/09/27 03:41:53 Byte sent 		: 1569 Bytes.
Processor_12020/09/27 03:41:53 Total byte sent	: 84772 Bytes.

Processor_12020/09/27 03:41:54 Sun, 27 Sep 2020 03:41:54 CDT
Processor_12020/09/27 03:41:54 Byte sent 		: 1569 Bytes.
Processor_12020/09/27 03:41:54 Total byte sent	: 86341 Bytes.

Processor_12020/09/27 03:41:55 Sun, 27 Sep 2020 03:41:55 CDT
Processor_12020/09/27 03:41:55 Byte sent 		: 1569 Bytes.
Processor_12020/09/27 03:41:55 Total byte sent	: 87910 Bytes.

Processor_12020/09/27 03:41:56 Sun, 27 Sep 2020 03:41:56 CDT
Processor_12020/09/27 03:41:56 Byte sent 		: 1569 Bytes.
Processor_12020/09/27 03:41:56 Total byte sent	: 89479 Bytes.

Processor_12020/09/27 03:41:57 Sun, 27 Sep 2020 03:41:57 CDT
Processor_12020/09/27 03:41:57 Byte sent 		: 1569 Bytes.
Processor_12020/09/27 03:41:57 Total byte sent	: 91048 Bytes.

Processor_12020/09/27 03:41:58 Sun, 27 Sep 2020 03:41:58 CDT
Processor_12020/09/27 03:41:58 Byte sent 		: 1569 Bytes.
Processor_12020/09/27 03:41:58 Total byte sent	: 92617 Bytes.

Processor_12020/09/27 03:41:59 Sun, 27 Sep 2020 03:41:59 CDT
Processor_12020/09/27 03:41:59 Byte sent 		: 1569 Bytes.
Processor_12020/09/27 03:41:59 Total byte sent	: 94186 Bytes.

Processor_12020/09/27 03:42:00 Sun, 27 Sep 2020 03:42:00 CDT
Processor_12020/09/27 03:42:00 Byte sent 		: 1569 Bytes.
Processor_12020/09/27 03:42:00 Total byte sent	: 95755 Bytes.

Processor_12020/09/27 03:42:01 Sun, 27 Sep 2020 03:42:01 CDT
Processor_12020/09/27 03:42:01 Byte sent 		: 1569 Bytes.
Processor_12020/09/27 03:42:01 Total byte sent	: 97324 Bytes.

Processor_12020/09/27 03:42:02 Sun, 27 Sep 2020 03:42:02 CDT
Processor_12020/09/27 03:42:02 Byte sent 		: 1569 Bytes.
Processor_12020/09/27 03:42:02 Total byte sent	: 98893 Bytes.

Processor_12020/09/27 03:42:03 Sun, 27 Sep 2020 03:42:03 CDT
Processor_12020/09/27 03:42:03 Byte sent 		: 1569 Bytes.
Processor_12020/09/27 03:42:03 Total byte sent	: 100462 Bytes.

Processor_12020/09/27 03:42:04 Sun, 27 Sep 2020 03:42:04 CDT
Processor_12020/09/27 03:42:04 Byte sent 		: 1569 Bytes.
Processor_12020/09/27 03:42:04 Total byte sent	: 102031 Bytes.

Processor_12020/09/27 03:42:05 Sun, 27 Sep 2020 03:42:05 CDT
Processor_12020/09/27 03:42:05 Byte sent 		: 1569 Bytes.
Processor_12020/09/27 03:42:05 Total byte sent	: 103600 Bytes.

Processor_12020/09/27 03:42:06 Sun, 27 Sep 2020 03:42:06 CDT
Processor_12020/09/27 03:42:06 Byte sent 		: 1569 Bytes.
Processor_12020/09/27 03:42:06 Total byte sent	: 105169 Bytes.

Processor_12020/09/27 03:42:07 Sun, 27 Sep 2020 03:42:07 CDT
Processor_12020/09/27 03:42:07 Byte sent 		: 1569 Bytes.
Processor_12020/09/27 03:42:07 Total byte sent	: 106738 Bytes.

Processor_12020/09/27 03:42:08 Sun, 27 Sep 2020 03:42:08 CDT
Processor_12020/09/27 03:42:08 Byte sent 		: 1569 Bytes.
Processor_12020/09/27 03:42:08 Total byte sent	: 108307 Bytes.

Processor_12020/09/27 03:42:09 Sun, 27 Sep 2020 03:42:09 CDT
Processor_12020/09/27 03:42:09 Byte sent 		: 1569 Bytes.
Processor_12020/09/27 03:42:09 Total byte sent	: 109876 Bytes.

Processor_12020/09/27 03:42:10 Sun, 27 Sep 2020 03:42:10 CDT
Processor_12020/09/27 03:42:10 Byte sent 		: 1569 Bytes.
Processor_12020/09/27 03:42:10 Total byte sent	: 111445 Bytes.

Processor_12020/09/27 03:42:11 Sun, 27 Sep 2020 03:42:11 CDT
Processor_12020/09/27 03:42:11 Byte sent 		: 1569 Bytes.
Processor_12020/09/27 03:42:11 Total byte sent	: 113014 Bytes.

Processor_12020/09/27 03:42:12 Sun, 27 Sep 2020 03:42:12 CDT
Processor_12020/09/27 03:42:12 Byte sent 		: 1569 Bytes.
Processor_12020/09/27 03:42:12 Total byte sent	: 114583 Bytes.

Processor_12020/09/27 03:42:13 Sun, 27 Sep 2020 03:42:13 CDT
Processor_12020/09/27 03:42:13 Byte sent 		: 1569 Bytes.
Processor_12020/09/27 03:42:13 Total byte sent	: 116152 Bytes.

Processor_12020/09/27 03:42:14 Sun, 27 Sep 2020 03:42:14 CDT
Processor_12020/09/27 03:42:14 Byte sent 		: 1569 Bytes.
Processor_12020/09/27 03:42:14 Total byte sent	: 117721 Bytes.

Processor_12020/09/27 03:42:15 Sun, 27 Sep 2020 03:42:15 CDT
Processor_12020/09/27 03:42:15 Byte sent 		: 1569 Bytes.
Processor_12020/09/27 03:42:15 Total byte sent	: 119290 Bytes.

Processor_12020/09/27 03:42:16 Sun, 27 Sep 2020 03:42:16 CDT
Processor_12020/09/27 03:42:16 Byte sent 		: 1569 Bytes.
Processor_12020/09/27 03:42:16 Total byte sent	: 120859 Bytes.

Processor_12020/09/27 03:42:17 Sun, 27 Sep 2020 03:42:17 CDT
Processor_12020/09/27 03:42:17 Byte sent 		: 1569 Bytes.
Processor_12020/09/27 03:42:17 Total byte sent	: 122428 Bytes.

Processor_12020/09/27 03:42:18 Sun, 27 Sep 2020 03:42:18 CDT
Processor_12020/09/27 03:42:18 Byte sent 		: 1569 Bytes.
Processor_12020/09/27 03:42:18 Total byte sent	: 123997 Bytes.

Processor_12020/09/27 03:42:19 Sun, 27 Sep 2020 03:42:19 CDT
Processor_12020/09/27 03:42:19 Byte sent 		: 1569 Bytes.
Processor_12020/09/27 03:42:19 Total byte sent	: 125566 Bytes.

Processor_12020/09/27 03:42:20 Sun, 27 Sep 2020 03:42:20 CDT
Processor_12020/09/27 03:42:20 Byte sent 		: 1569 Bytes.
Processor_12020/09/27 03:42:20 Total byte sent	: 127135 Bytes.

Processor_12020/09/27 03:42:21 Sun, 27 Sep 2020 03:42:21 CDT
Processor_12020/09/27 03:42:21 Byte sent 		: 1569 Bytes.
Processor_12020/09/27 03:42:21 Total byte sent	: 128704 Bytes.

Processor_12020/09/27 03:42:22 Sun, 27 Sep 2020 03:42:22 CDT
Processor_12020/09/27 03:42:22 Byte sent 		: 1569 Bytes.
Processor_12020/09/27 03:42:22 Total byte sent	: 130273 Bytes.

Processor_12020/09/27 03:42:23 Sun, 27 Sep 2020 03:42:23 CDT
Processor_12020/09/27 03:42:23 Byte sent 		: 2564 Bytes.
Processor_12020/09/27 03:42:23 Total byte sent	: 132837 Bytes.

Processor_12020/09/27 03:42:24 Sun, 27 Sep 2020 03:42:24 CDT
Processor_12020/09/27 03:42:24 Byte sent 		: 2564 Bytes.
Processor_12020/09/27 03:42:24 Total byte sent	: 135401 Bytes.

Processor_12020/09/27 03:42:25 Sun, 27 Sep 2020 03:42:25 CDT
Processor_12020/09/27 03:42:25 Byte sent 		: 2564 Bytes.
Processor_12020/09/27 03:42:25 Total byte sent	: 137965 Bytes.

Processor_12020/09/27 03:42:26 Sun, 27 Sep 2020 03:42:26 CDT
Processor_12020/09/27 03:42:26 Byte sent 		: 2564 Bytes.
Processor_12020/09/27 03:42:26 Total byte sent	: 140529 Bytes.

Processor_12020/09/27 03:42:27 Sun, 27 Sep 2020 03:42:27 CDT
Processor_12020/09/27 03:42:27 Byte sent 		: 2564 Bytes.
Processor_12020/09/27 03:42:27 Total byte sent	: 143093 Bytes.

Processor_12020/09/27 03:42:28 Sun, 27 Sep 2020 03:42:28 CDT
Processor_12020/09/27 03:42:28 Byte sent 		: 2568 Bytes.
Processor_12020/09/27 03:42:28 Total byte sent	: 145661 Bytes.

Processor_12020/09/27 03:42:29 Sun, 27 Sep 2020 03:42:29 CDT
Processor_12020/09/27 03:42:29 Byte sent 		: 2568 Bytes.
Processor_12020/09/27 03:42:29 Total byte sent	: 148229 Bytes.

Processor_12020/09/27 03:42:30 Sun, 27 Sep 2020 03:42:30 CDT
Processor_12020/09/27 03:42:30 Byte sent 		: 2568 Bytes.
Processor_12020/09/27 03:42:30 Total byte sent	: 150797 Bytes.

Processor_12020/09/27 03:42:31 Sun, 27 Sep 2020 03:42:31 CDT
Processor_12020/09/27 03:42:31 Byte sent 		: 2568 Bytes.
Processor_12020/09/27 03:42:31 Total byte sent	: 153365 Bytes.

Processor_12020/09/27 03:42:32 Sun, 27 Sep 2020 03:42:32 CDT
Processor_12020/09/27 03:42:32 Byte sent 		: 3790 Bytes.
Processor_12020/09/27 03:42:32 Total byte sent	: 157155 Bytes.

Processor_12020/09/27 03:42:33 Sun, 27 Sep 2020 03:42:33 CDT
Processor_12020/09/27 03:42:33 Byte sent 		: 3790 Bytes.
Processor_12020/09/27 03:42:33 Total byte sent	: 160945 Bytes.

Processor_12020/09/27 03:42:34 Sun, 27 Sep 2020 03:42:34 CDT
Processor_12020/09/27 03:42:34 Byte sent 		: 3790 Bytes.
Processor_12020/09/27 03:42:34 Total byte sent	: 164735 Bytes.

Processor_12020/09/27 03:42:35 Sun, 27 Sep 2020 03:42:35 CDT
Processor_12020/09/27 03:42:35 Byte sent 		: 3790 Bytes.
Processor_12020/09/27 03:42:35 Total byte sent	: 168525 Bytes.

Processor_12020/09/27 03:42:36 Sun, 27 Sep 2020 03:42:36 CDT
Processor_12020/09/27 03:42:36 Byte sent 		: 3790 Bytes.
Processor_12020/09/27 03:42:36 Total byte sent	: 172315 Bytes.

Processor_12020/09/27 03:42:37 Sun, 27 Sep 2020 03:42:37 CDT
Processor_12020/09/27 03:42:37 Byte sent 		: 3795 Bytes.
Processor_12020/09/27 03:42:37 Total byte sent	: 176110 Bytes.

Processor_12020/09/27 03:42:38 Sun, 27 Sep 2020 03:42:38 CDT
Processor_12020/09/27 03:42:38 Byte sent 		: 3795 Bytes.
Processor_12020/09/27 03:42:38 Total byte sent	: 179905 Bytes.

Processor_12020/09/27 03:42:39 Sun, 27 Sep 2020 03:42:39 CDT
Processor_12020/09/27 03:42:39 Byte sent 		: 3795 Bytes.
Processor_12020/09/27 03:42:39 Total byte sent	: 183700 Bytes.

Processor_12020/09/27 03:42:40 Sun, 27 Sep 2020 03:42:40 CDT
Processor_12020/09/27 03:42:40 Byte sent 		: 3795 Bytes.
Processor_12020/09/27 03:42:40 Total byte sent	: 187495 Bytes.

Processor_12020/09/27 03:42:41 Sun, 27 Sep 2020 03:42:41 CDT
Processor_12020/09/27 03:42:41 Byte sent 		: 3795 Bytes.
Processor_12020/09/27 03:42:41 Total byte sent	: 191290 Bytes.

Processor_12020/09/27 03:42:42 Sun, 27 Sep 2020 03:42:42 CDT
Processor_12020/09/27 03:42:42 Byte sent 		: 3795 Bytes.
Processor_12020/09/27 03:42:42 Total byte sent	: 195085 Bytes.

Processor_12020/09/27 03:42:43 Sun, 27 Sep 2020 03:42:43 CDT
Processor_12020/09/27 03:42:43 Byte sent 		: 3795 Bytes.
Processor_12020/09/27 03:42:43 Total byte sent	: 198880 Bytes.

Processor_12020/09/27 03:42:44 Sun, 27 Sep 2020 03:42:44 CDT
Processor_12020/09/27 03:42:44 Byte sent 		: 3800 Bytes.
Processor_12020/09/27 03:42:44 Total byte sent	: 202680 Bytes.

Processor_12020/09/27 03:42:45 Sun, 27 Sep 2020 03:42:45 CDT
Processor_12020/09/27 03:42:45 Byte sent 		: 3800 Bytes.
Processor_12020/09/27 03:42:45 Total byte sent	: 206480 Bytes.

Processor_12020/09/27 03:42:46 Sun, 27 Sep 2020 03:42:46 CDT
Processor_12020/09/27 03:42:46 Byte sent 		: 3800 Bytes.
Processor_12020/09/27 03:42:46 Total byte sent	: 210280 Bytes.

Processor_12020/09/27 03:42:47 Sun, 27 Sep 2020 03:42:47 CDT
Processor_12020/09/27 03:42:47 Byte sent 		: 3800 Bytes.
Processor_12020/09/27 03:42:47 Total byte sent	: 214080 Bytes.

Processor_12020/09/27 03:42:48 Sun, 27 Sep 2020 03:42:48 CDT
Processor_12020/09/27 03:42:48 Byte sent 		: 3800 Bytes.
Processor_12020/09/27 03:42:48 Total byte sent	: 217880 Bytes.

Processor_12020/09/27 03:42:49 Sun, 27 Sep 2020 03:42:49 CDT
Processor_12020/09/27 03:42:49 Byte sent 		: 3800 Bytes.
Processor_12020/09/27 03:42:49 Total byte sent	: 221680 Bytes.

Processor_12020/09/27 03:42:50 Sun, 27 Sep 2020 03:42:50 CDT
Processor_12020/09/27 03:42:50 Byte sent 		: 3800 Bytes.
Processor_12020/09/27 03:42:50 Total byte sent	: 225480 Bytes.

Processor_12020/09/27 03:42:51 Sun, 27 Sep 2020 03:42:51 CDT
Processor_12020/09/27 03:42:51 Byte sent 		: 3800 Bytes.
Processor_12020/09/27 03:42:51 Total byte sent	: 229280 Bytes.

Processor_12020/09/27 03:42:52 Sun, 27 Sep 2020 03:42:52 CDT
Processor_12020/09/27 03:42:52 Byte sent 		: 3805 Bytes.
Processor_12020/09/27 03:42:52 Total byte sent	: 233085 Bytes.

Processor_12020/09/27 03:42:53 Sun, 27 Sep 2020 03:42:53 CDT
Processor_12020/09/27 03:42:53 Byte sent 		: 3805 Bytes.
Processor_12020/09/27 03:42:53 Total byte sent	: 236890 Bytes.

Processor_12020/09/27 03:42:54 Sun, 27 Sep 2020 03:42:54 CDT
Processor_12020/09/27 03:42:54 Byte sent 		: 3805 Bytes.
Processor_12020/09/27 03:42:54 Total byte sent	: 240695 Bytes.

Processor_12020/09/27 03:42:55 Sun, 27 Sep 2020 03:42:55 CDT
Processor_12020/09/27 03:42:55 Byte sent 		: 3805 Bytes.
Processor_12020/09/27 03:42:55 Total byte sent	: 244500 Bytes.

Processor_12020/09/27 03:42:56 Sun, 27 Sep 2020 03:42:56 CDT
Processor_12020/09/27 03:42:56 Byte sent 		: 3805 Bytes.
Processor_12020/09/27 03:42:56 Total byte sent	: 248305 Bytes.

Processor_12020/09/27 03:42:57 Sun, 27 Sep 2020 03:42:57 CDT
Processor_12020/09/27 03:42:57 Byte sent 		: 3805 Bytes.
Processor_12020/09/27 03:42:57 Total byte sent	: 252110 Bytes.

Processor_12020/09/27 03:42:58 Sun, 27 Sep 2020 03:42:58 CDT
Processor_12020/09/27 03:42:58 Byte sent 		: 3805 Bytes.
Processor_12020/09/27 03:42:58 Total byte sent	: 255915 Bytes.

Processor_12020/09/27 03:42:59 Sun, 27 Sep 2020 03:42:59 CDT
Processor_12020/09/27 03:42:59 Byte sent 		: 3805 Bytes.
Processor_12020/09/27 03:42:59 Total byte sent	: 259720 Bytes.

Processor_12020/09/27 03:43:00 Sun, 27 Sep 2020 03:43:00 CDT
Processor_12020/09/27 03:43:00 Byte sent 		: 3805 Bytes.
Processor_12020/09/27 03:43:00 Total byte sent	: 263525 Bytes.

Processor_12020/09/27 03:43:01 Sun, 27 Sep 2020 03:43:01 CDT
Processor_12020/09/27 03:43:01 Byte sent 		: 3805 Bytes.
Processor_12020/09/27 03:43:01 Total byte sent	: 267330 Bytes.

Processor_12020/09/27 03:43:02 Sun, 27 Sep 2020 03:43:02 CDT
Processor_12020/09/27 03:43:02 Byte sent 		: 3805 Bytes.
Processor_12020/09/27 03:43:02 Total byte sent	: 271135 Bytes.

Processor_12020/09/27 03:43:03 Sun, 27 Sep 2020 03:43:03 CDT
Processor_12020/09/27 03:43:03 Byte sent 		: 3805 Bytes.
Processor_12020/09/27 03:43:03 Total byte sent	: 274940 Bytes.

Processor_12020/09/27 03:43:04 Sun, 27 Sep 2020 03:43:04 CDT
Processor_12020/09/27 03:43:04 Byte sent 		: 3805 Bytes.
Processor_12020/09/27 03:43:04 Total byte sent	: 278745 Bytes.

Processor_12020/09/27 03:43:05 Sun, 27 Sep 2020 03:43:05 CDT
Processor_12020/09/27 03:43:05 Byte sent 		: 3805 Bytes.
Processor_12020/09/27 03:43:05 Total byte sent	: 282550 Bytes.

Processor_12020/09/27 03:43:06 Sun, 27 Sep 2020 03:43:06 CDT
Processor_12020/09/27 03:43:06 Byte sent 		: 3805 Bytes.
Processor_12020/09/27 03:43:06 Total byte sent	: 286355 Bytes.

Processor_12020/09/27 03:43:07 Sun, 27 Sep 2020 03:43:07 CDT
Processor_12020/09/27 03:43:07 Byte sent 		: 3805 Bytes.
Processor_12020/09/27 03:43:07 Total byte sent	: 290160 Bytes.

Processor_12020/09/27 03:43:08 Sun, 27 Sep 2020 03:43:08 CDT
Processor_12020/09/27 03:43:08 Byte sent 		: 3805 Bytes.
Processor_12020/09/27 03:43:08 Total byte sent	: 293965 Bytes.

Processor_12020/09/27 03:43:09 Sun, 27 Sep 2020 03:43:09 CDT
Processor_12020/09/27 03:43:09 Byte sent 		: 3805 Bytes.
Processor_12020/09/27 03:43:09 Total byte sent	: 297770 Bytes.

Processor_12020/09/27 03:43:10 Sun, 27 Sep 2020 03:43:10 CDT
Processor_12020/09/27 03:43:10 Byte sent 		: 3805 Bytes.
Processor_12020/09/27 03:43:10 Total byte sent	: 301575 Bytes.

Processor_12020/09/27 03:43:11 Sun, 27 Sep 2020 03:43:11 CDT
Processor_12020/09/27 03:43:11 Byte sent 		: 3805 Bytes.
Processor_12020/09/27 03:43:11 Total byte sent	: 305380 Bytes.

Processor_12020/09/27 03:43:12 Sun, 27 Sep 2020 03:43:12 CDT
Processor_12020/09/27 03:43:12 Byte sent 		: 3805 Bytes.
Processor_12020/09/27 03:43:12 Total byte sent	: 309185 Bytes.

Processor_12020/09/27 03:43:13 Sun, 27 Sep 2020 03:43:13 CDT
Processor_12020/09/27 03:43:13 Byte sent 		: 3805 Bytes.
Processor_12020/09/27 03:43:13 Total byte sent	: 312990 Bytes.

Processor_12020/09/27 03:43:14 Sun, 27 Sep 2020 03:43:14 CDT
Processor_12020/09/27 03:43:14 Byte sent 		: 3805 Bytes.
Processor_12020/09/27 03:43:14 Total byte sent	: 316795 Bytes.

Processor_12020/09/27 03:43:15 Sun, 27 Sep 2020 03:43:15 CDT
Processor_12020/09/27 03:43:15 Byte sent 		: 3805 Bytes.
Processor_12020/09/27 03:43:15 Total byte sent	: 320600 Bytes.

Processor_12020/09/27 03:43:16 Sun, 27 Sep 2020 03:43:16 CDT
Processor_12020/09/27 03:43:16 Byte sent 		: 3805 Bytes.
Processor_12020/09/27 03:43:16 Total byte sent	: 324405 Bytes.

Processor_12020/09/27 03:43:17 Sun, 27 Sep 2020 03:43:17 CDT
Processor_12020/09/27 03:43:17 Byte sent 		: 3805 Bytes.
Processor_12020/09/27 03:43:17 Total byte sent	: 328210 Bytes.

Processor_12020/09/27 03:43:18 Sun, 27 Sep 2020 03:43:18 CDT
Processor_12020/09/27 03:43:18 Byte sent 		: 3805 Bytes.
Processor_12020/09/27 03:43:18 Total byte sent	: 332015 Bytes.

Processor_12020/09/27 03:43:19 Sun, 27 Sep 2020 03:43:19 CDT
Processor_12020/09/27 03:43:19 Byte sent 		: 3805 Bytes.
Processor_12020/09/27 03:43:19 Total byte sent	: 335820 Bytes.

Processor_12020/09/27 03:43:20 Sun, 27 Sep 2020 03:43:20 CDT
Processor_12020/09/27 03:43:20 Byte sent 		: 3805 Bytes.
Processor_12020/09/27 03:43:20 Total byte sent	: 339625 Bytes.

Processor_12020/09/27 03:43:21 Sun, 27 Sep 2020 03:43:21 CDT
Processor_12020/09/27 03:43:21 Byte sent 		: 3805 Bytes.
Processor_12020/09/27 03:43:21 Total byte sent	: 343430 Bytes.

Processor_12020/09/27 03:43:22 Sun, 27 Sep 2020 03:43:22 CDT
Processor_12020/09/27 03:43:22 Byte sent 		: 3805 Bytes.
Processor_12020/09/27 03:43:22 Total byte sent	: 347235 Bytes.

Processor_12020/09/27 03:43:23 Sun, 27 Sep 2020 03:43:23 CDT
Processor_12020/09/27 03:43:23 Byte sent 		: 3805 Bytes.
Processor_12020/09/27 03:43:23 Total byte sent	: 351040 Bytes.

Processor_12020/09/27 03:43:24 Sun, 27 Sep 2020 03:43:24 CDT
Processor_12020/09/27 03:43:24 Byte sent 		: 3805 Bytes.
Processor_12020/09/27 03:43:24 Total byte sent	: 354845 Bytes.

Processor_12020/09/27 03:43:25 Sun, 27 Sep 2020 03:43:25 CDT
Processor_12020/09/27 03:43:25 Byte sent 		: 3805 Bytes.
Processor_12020/09/27 03:43:25 Total byte sent	: 358650 Bytes.

Processor_12020/09/27 03:43:26 Sun, 27 Sep 2020 03:43:26 CDT
Processor_12020/09/27 03:43:26 Byte sent 		: 3805 Bytes.
Processor_12020/09/27 03:43:26 Total byte sent	: 362455 Bytes.

Processor_12020/09/27 03:43:27 Sun, 27 Sep 2020 03:43:27 CDT
Processor_12020/09/27 03:43:27 Byte sent 		: 3805 Bytes.
Processor_12020/09/27 03:43:27 Total byte sent	: 366260 Bytes.

Processor_12020/09/27 03:43:28 Sun, 27 Sep 2020 03:43:28 CDT
Processor_12020/09/27 03:43:28 Byte sent 		: 3805 Bytes.
Processor_12020/09/27 03:43:28 Total byte sent	: 370065 Bytes.

Processor_12020/09/27 03:43:29 Sun, 27 Sep 2020 03:43:29 CDT
Processor_12020/09/27 03:43:29 Byte sent 		: 3805 Bytes.
Processor_12020/09/27 03:43:29 Total byte sent	: 373870 Bytes.

Processor_12020/09/27 03:43:30 Sun, 27 Sep 2020 03:43:30 CDT
Processor_12020/09/27 03:43:30 Byte sent 		: 3805 Bytes.
Processor_12020/09/27 03:43:30 Total byte sent	: 377675 Bytes.

Processor_12020/09/27 03:43:31 Sun, 27 Sep 2020 03:43:31 CDT
Processor_12020/09/27 03:43:31 Byte sent 		: 3805 Bytes.
Processor_12020/09/27 03:43:31 Total byte sent	: 381480 Bytes.

Processor_12020/09/27 03:43:32 Sun, 27 Sep 2020 03:43:32 CDT
Processor_12020/09/27 03:43:32 Byte sent 		: 3805 Bytes.
Processor_12020/09/27 03:43:32 Total byte sent	: 385285 Bytes.

Processor_12020/09/27 03:43:33 Sun, 27 Sep 2020 03:43:33 CDT
Processor_12020/09/27 03:43:33 Byte sent 		: 3805 Bytes.
Processor_12020/09/27 03:43:33 Total byte sent	: 389090 Bytes.

Processor_12020/09/27 03:43:34 Sun, 27 Sep 2020 03:43:34 CDT
Processor_12020/09/27 03:43:34 Byte sent 		: 3805 Bytes.
Processor_12020/09/27 03:43:34 Total byte sent	: 392895 Bytes.

Processor_12020/09/27 03:43:35 Sun, 27 Sep 2020 03:43:35 CDT
Processor_12020/09/27 03:43:35 Byte sent 		: 3805 Bytes.
Processor_12020/09/27 03:43:35 Total byte sent	: 396700 Bytes.

Processor_12020/09/27 03:43:36 Sun, 27 Sep 2020 03:43:36 CDT
Processor_12020/09/27 03:43:36 Byte sent 		: 3805 Bytes.
Processor_12020/09/27 03:43:36 Total byte sent	: 400505 Bytes.

Processor_12020/09/27 03:43:37 Sun, 27 Sep 2020 03:43:37 CDT
Processor_12020/09/27 03:43:37 Byte sent 		: 3805 Bytes.
Processor_12020/09/27 03:43:37 Total byte sent	: 404310 Bytes.

Processor_12020/09/27 03:43:38 Sun, 27 Sep 2020 03:43:38 CDT
Processor_12020/09/27 03:43:38 Byte sent 		: 5274 Bytes.
Processor_12020/09/27 03:43:38 Total byte sent	: 409584 Bytes.

Processor_12020/09/27 03:43:39 Sun, 27 Sep 2020 03:43:39 CDT
Processor_12020/09/27 03:43:39 Byte sent 		: 5274 Bytes.
Processor_12020/09/27 03:43:39 Total byte sent	: 414858 Bytes.

Processor_12020/09/27 03:43:40 Sun, 27 Sep 2020 03:43:40 CDT
Processor_12020/09/27 03:43:40 Byte sent 		: 6979 Bytes.
Processor_12020/09/27 03:43:40 Total byte sent	: 421837 Bytes.

Processor_12020/09/27 03:43:41 Sun, 27 Sep 2020 03:43:41 CDT
Processor_12020/09/27 03:43:41 Byte sent 		: 6979 Bytes.
Processor_12020/09/27 03:43:41 Total byte sent	: 428816 Bytes.

Processor_12020/09/27 03:43:42 Sun, 27 Sep 2020 03:43:42 CDT
Processor_12020/09/27 03:43:42 Byte sent 		: 6986 Bytes.
Processor_12020/09/27 03:43:42 Total byte sent	: 435802 Bytes.

Processor_12020/09/27 03:43:43 Sun, 27 Sep 2020 03:43:43 CDT
Processor_12020/09/27 03:43:43 Byte sent 		: 6986 Bytes.
Processor_12020/09/27 03:43:43 Total byte sent	: 442788 Bytes.

Processor_12020/09/27 03:43:44 Sun, 27 Sep 2020 03:43:44 CDT
Processor_12020/09/27 03:43:44 Byte sent 		: 6993 Bytes.
Processor_12020/09/27 03:43:44 Total byte sent	: 449781 Bytes.

Processor_12020/09/27 03:43:45 Sun, 27 Sep 2020 03:43:45 CDT
Processor_12020/09/27 03:43:45 Byte sent 		: 6993 Bytes.
Processor_12020/09/27 03:43:45 Total byte sent	: 456774 Bytes.

Processor_12020/09/27 03:43:46 Sun, 27 Sep 2020 03:43:46 CDT
Processor_12020/09/27 03:43:46 Byte sent 		: 6993 Bytes.
Processor_12020/09/27 03:43:46 Total byte sent	: 463767 Bytes.

Processor_12020/09/27 03:43:47 Sun, 27 Sep 2020 03:43:47 CDT
Processor_12020/09/27 03:43:47 Byte sent 		: 7000 Bytes.
Processor_12020/09/27 03:43:47 Total byte sent	: 470767 Bytes.

Processor_12020/09/27 03:43:48 Sun, 27 Sep 2020 03:43:48 CDT
Processor_12020/09/27 03:43:48 Byte sent 		: 7000 Bytes.
Processor_12020/09/27 03:43:48 Total byte sent	: 477767 Bytes.

Processor_12020/09/27 03:43:49 Sun, 27 Sep 2020 03:43:49 CDT
Processor_12020/09/27 03:43:49 Byte sent 		: 7000 Bytes.
Processor_12020/09/27 03:43:49 Total byte sent	: 484767 Bytes.

Processor_12020/09/27 03:43:50 Sun, 27 Sep 2020 03:43:50 CDT
Processor_12020/09/27 03:43:50 Byte sent 		: 7000 Bytes.
Processor_12020/09/27 03:43:50 Total byte sent	: 491767 Bytes.

Processor_12020/09/27 03:43:51 Sun, 27 Sep 2020 03:43:51 CDT
Processor_12020/09/27 03:43:51 Byte sent 		: 7007 Bytes.
Processor_12020/09/27 03:43:51 Total byte sent	: 498774 Bytes.

Processor_12020/09/27 03:43:52 Sun, 27 Sep 2020 03:43:52 CDT
Processor_12020/09/27 03:43:52 Byte sent 		: 7007 Bytes.
Processor_12020/09/27 03:43:52 Total byte sent	: 505781 Bytes.

Processor_12020/09/27 03:43:53 Sun, 27 Sep 2020 03:43:53 CDT
Processor_12020/09/27 03:43:53 Byte sent 		: 7007 Bytes.
Processor_12020/09/27 03:43:53 Total byte sent	: 512788 Bytes.

Processor_12020/09/27 03:43:54 Sun, 27 Sep 2020 03:43:54 CDT
Processor_12020/09/27 03:43:54 Byte sent 		: 7014 Bytes.
Processor_12020/09/27 03:43:54 Total byte sent	: 519802 Bytes.

Processor_12020/09/27 03:43:55 Sun, 27 Sep 2020 03:43:55 CDT
Processor_12020/09/27 03:43:55 Byte sent 		: 7021 Bytes.
Processor_12020/09/27 03:43:55 Total byte sent	: 526823 Bytes.

Processor_12020/09/27 03:43:56 Sun, 27 Sep 2020 03:43:56 CDT
Processor_12020/09/27 03:43:56 Byte sent 		: 7021 Bytes.
Processor_12020/09/27 03:43:56 Total byte sent	: 533844 Bytes.

Processor_12020/09/27 03:43:57 Sun, 27 Sep 2020 03:43:57 CDT
Processor_12020/09/27 03:43:57 Byte sent 		: 7021 Bytes.
Processor_12020/09/27 03:43:57 Total byte sent	: 540865 Bytes.

Processor_12020/09/27 03:43:58 Sun, 27 Sep 2020 03:43:58 CDT
Processor_12020/09/27 03:43:58 Byte sent 		: 7021 Bytes.
Processor_12020/09/27 03:43:58 Total byte sent	: 547886 Bytes.

Processor_12020/09/27 03:43:59 Sun, 27 Sep 2020 03:43:59 CDT
Processor_12020/09/27 03:43:59 Byte sent 		: 7021 Bytes.
Processor_12020/09/27 03:43:59 Total byte sent	: 554907 Bytes.

Processor_12020/09/27 03:44:00 Sun, 27 Sep 2020 03:44:00 CDT
Processor_12020/09/27 03:44:00 Byte sent 		: 7021 Bytes.
Processor_12020/09/27 03:44:00 Total byte sent	: 561928 Bytes.

Processor_12020/09/27 03:44:01 Sun, 27 Sep 2020 03:44:01 CDT
Processor_12020/09/27 03:44:01 Byte sent 		: 7021 Bytes.
Processor_12020/09/27 03:44:01 Total byte sent	: 568949 Bytes.

Processor_12020/09/27 03:44:02 Sun, 27 Sep 2020 03:44:02 CDT
Processor_12020/09/27 03:44:02 Byte sent 		: 7021 Bytes.
Processor_12020/09/27 03:44:02 Total byte sent	: 575970 Bytes.

Processor_12020/09/27 03:44:03 Sun, 27 Sep 2020 03:44:03 CDT
Processor_12020/09/27 03:44:03 Byte sent 		: 7021 Bytes.
Processor_12020/09/27 03:44:03 Total byte sent	: 582991 Bytes.

Processor_12020/09/27 03:44:04 Sun, 27 Sep 2020 03:44:04 CDT
Processor_12020/09/27 03:44:04 Byte sent 		: 7021 Bytes.
Processor_12020/09/27 03:44:04 Total byte sent	: 590012 Bytes.

Processor_12020/09/27 03:44:05 Sun, 27 Sep 2020 03:44:05 CDT
Processor_12020/09/27 03:44:05 Byte sent 		: 7021 Bytes.
Processor_12020/09/27 03:44:05 Total byte sent	: 597033 Bytes.

Processor_12020/09/27 03:44:06 Sun, 27 Sep 2020 03:44:06 CDT
Processor_12020/09/27 03:44:06 Byte sent 		: 7021 Bytes.
Processor_12020/09/27 03:44:06 Total byte sent	: 604054 Bytes.

Processor_12020/09/27 03:44:07 Sun, 27 Sep 2020 03:44:07 CDT
Processor_12020/09/27 03:44:07 Byte sent 		: 7021 Bytes.
Processor_12020/09/27 03:44:07 Total byte sent	: 611075 Bytes.

Processor_12020/09/27 03:44:08 Sun, 27 Sep 2020 03:44:08 CDT
Processor_12020/09/27 03:44:08 Byte sent 		: 7021 Bytes.
Processor_12020/09/27 03:44:08 Total byte sent	: 618096 Bytes.

Processor_12020/09/27 03:44:09 Sun, 27 Sep 2020 03:44:09 CDT
Processor_12020/09/27 03:44:09 Byte sent 		: 7021 Bytes.
Processor_12020/09/27 03:44:09 Total byte sent	: 625117 Bytes.

Processor_12020/09/27 03:44:10 Sun, 27 Sep 2020 03:44:10 CDT
Processor_12020/09/27 03:44:10 Byte sent 		: 7021 Bytes.
Processor_12020/09/27 03:44:10 Total byte sent	: 632138 Bytes.

Processor_12020/09/27 03:44:11 Sun, 27 Sep 2020 03:44:11 CDT
Processor_12020/09/27 03:44:11 Byte sent 		: 7021 Bytes.
Processor_12020/09/27 03:44:11 Total byte sent	: 639159 Bytes.

Processor_12020/09/27 03:44:12 Sun, 27 Sep 2020 03:44:12 CDT
Processor_12020/09/27 03:44:12 Byte sent 		: 7021 Bytes.
Processor_12020/09/27 03:44:12 Total byte sent	: 646180 Bytes.

Processor_12020/09/27 03:44:13 Sun, 27 Sep 2020 03:44:13 CDT
Processor_12020/09/27 03:44:13 Byte sent 		: 7021 Bytes.
Processor_12020/09/27 03:44:13 Total byte sent	: 653201 Bytes.

Processor_12020/09/27 03:44:14 Sun, 27 Sep 2020 03:44:14 CDT
Processor_12020/09/27 03:44:14 Byte sent 		: 7021 Bytes.
Processor_12020/09/27 03:44:14 Total byte sent	: 660222 Bytes.

Processor_12020/09/27 03:44:15 Sun, 27 Sep 2020 03:44:15 CDT
Processor_12020/09/27 03:44:15 Byte sent 		: 7021 Bytes.
Processor_12020/09/27 03:44:15 Total byte sent	: 667243 Bytes.

Processor_12020/09/27 03:44:16 Sun, 27 Sep 2020 03:44:16 CDT
Processor_12020/09/27 03:44:16 Byte sent 		: 7021 Bytes.
Processor_12020/09/27 03:44:16 Total byte sent	: 674264 Bytes.

Processor_12020/09/27 03:44:17 Sun, 27 Sep 2020 03:44:17 CDT
Processor_12020/09/27 03:44:17 Byte sent 		: 7021 Bytes.
Processor_12020/09/27 03:44:17 Total byte sent	: 681285 Bytes.

Processor_12020/09/27 03:44:18 Sun, 27 Sep 2020 03:44:18 CDT
Processor_12020/09/27 03:44:18 Byte sent 		: 7021 Bytes.
Processor_12020/09/27 03:44:18 Total byte sent	: 688306 Bytes.

Processor_12020/09/27 03:44:19 Sun, 27 Sep 2020 03:44:19 CDT
Processor_12020/09/27 03:44:19 Byte sent 		: 7021 Bytes.
Processor_12020/09/27 03:44:19 Total byte sent	: 695327 Bytes.

Processor_12020/09/27 03:44:20 Sun, 27 Sep 2020 03:44:20 CDT
Processor_12020/09/27 03:44:20 Byte sent 		: 7035 Bytes.
Processor_12020/09/27 03:44:20 Total byte sent	: 702362 Bytes.

Processor_12020/09/27 03:44:21 Sun, 27 Sep 2020 03:44:21 CDT
Processor_12020/09/27 03:44:21 Byte sent 		: 7035 Bytes.
Processor_12020/09/27 03:44:21 Total byte sent	: 709397 Bytes.

Processor_12020/09/27 03:44:22 Sun, 27 Sep 2020 03:44:22 CDT
Processor_12020/09/27 03:44:22 Byte sent 		: 7035 Bytes.
Processor_12020/09/27 03:44:22 Total byte sent	: 716432 Bytes.

Processor_12020/09/27 03:44:23 Sun, 27 Sep 2020 03:44:23 CDT
Processor_12020/09/27 03:44:23 Byte sent 		: 7035 Bytes.
Processor_12020/09/27 03:44:23 Total byte sent	: 723467 Bytes.

Processor_12020/09/27 03:44:24 Sun, 27 Sep 2020 03:44:24 CDT
Processor_12020/09/27 03:44:24 Byte sent 		: 7035 Bytes.
Processor_12020/09/27 03:44:24 Total byte sent	: 730502 Bytes.

Processor_12020/09/27 03:44:25 Sun, 27 Sep 2020 03:44:25 CDT
Processor_12020/09/27 03:44:25 Byte sent 		: 7035 Bytes.
Processor_12020/09/27 03:44:25 Total byte sent	: 737537 Bytes.

Processor_12020/09/27 03:44:26 Sun, 27 Sep 2020 03:44:26 CDT
Processor_12020/09/27 03:44:26 Byte sent 		: 7035 Bytes.
Processor_12020/09/27 03:44:26 Total byte sent	: 744572 Bytes.

Processor_12020/09/27 03:44:27 Sun, 27 Sep 2020 03:44:27 CDT
Processor_12020/09/27 03:44:27 Byte sent 		: 7035 Bytes.
Processor_12020/09/27 03:44:27 Total byte sent	: 751607 Bytes.

Processor_12020/09/27 03:44:28 Sun, 27 Sep 2020 03:44:28 CDT
Processor_12020/09/27 03:44:28 Byte sent 		: 7035 Bytes.
Processor_12020/09/27 03:44:28 Total byte sent	: 758642 Bytes.

Processor_12020/09/27 03:44:29 Sun, 27 Sep 2020 03:44:29 CDT
Processor_12020/09/27 03:44:29 Byte sent 		: 7035 Bytes.
Processor_12020/09/27 03:44:29 Total byte sent	: 765677 Bytes.

Processor_12020/09/27 03:44:30 Sun, 27 Sep 2020 03:44:30 CDT
Processor_12020/09/27 03:44:30 Byte sent 		: 8984 Bytes.
Processor_12020/09/27 03:44:30 Total byte sent	: 774661 Bytes.

Processor_12020/09/27 03:44:31 Sun, 27 Sep 2020 03:44:31 CDT
Processor_12020/09/27 03:44:31 Byte sent 		: 8984 Bytes.
Processor_12020/09/27 03:44:31 Total byte sent	: 783645 Bytes.

Processor_12020/09/27 03:44:32 Sun, 27 Sep 2020 03:44:32 CDT
Processor_12020/09/27 03:44:32 Byte sent 		: 8984 Bytes.
Processor_12020/09/27 03:44:32 Total byte sent	: 792629 Bytes.

Processor_12020/09/27 03:44:33 Sun, 27 Sep 2020 03:44:33 CDT
Processor_12020/09/27 03:44:33 Byte sent 		: 11151 Bytes.
Processor_12020/09/27 03:44:33 Total byte sent	: 803780 Bytes.

Processor_12020/09/27 03:44:34 Sun, 27 Sep 2020 03:44:34 CDT
Processor_12020/09/27 03:44:34 Byte sent 		: 11160 Bytes.
Processor_12020/09/27 03:44:34 Total byte sent	: 814940 Bytes.

Processor_12020/09/27 03:44:35 Sun, 27 Sep 2020 03:44:35 CDT
Processor_12020/09/27 03:44:35 Byte sent 		: 11160 Bytes.
Processor_12020/09/27 03:44:35 Total byte sent	: 826100 Bytes.

Processor_12020/09/27 03:44:36 Sun, 27 Sep 2020 03:44:36 CDT
Processor_12020/09/27 03:44:36 Byte sent 		: 11160 Bytes.
Processor_12020/09/27 03:44:36 Total byte sent	: 837260 Bytes.

Processor_12020/09/27 03:44:37 Sun, 27 Sep 2020 03:44:37 CDT
Processor_12020/09/27 03:44:37 Byte sent 		: 11169 Bytes.
Processor_12020/09/27 03:44:37 Total byte sent	: 848429 Bytes.

Processor_12020/09/27 03:44:38 Sun, 27 Sep 2020 03:44:38 CDT
Processor_12020/09/27 03:44:38 Byte sent 		: 11169 Bytes.
Processor_12020/09/27 03:44:38 Total byte sent	: 859598 Bytes.

Processor_12020/09/27 03:44:39 Sun, 27 Sep 2020 03:44:39 CDT
Processor_12020/09/27 03:44:39 Byte sent 		: 11169 Bytes.
Processor_12020/09/27 03:44:39 Total byte sent	: 870767 Bytes.

Processor_12020/09/27 03:44:40 Sun, 27 Sep 2020 03:44:40 CDT
Processor_12020/09/27 03:44:40 Byte sent 		: 11169 Bytes.
Processor_12020/09/27 03:44:40 Total byte sent	: 881936 Bytes.

Processor_12020/09/27 03:44:41 Sun, 27 Sep 2020 03:44:41 CDT
Processor_12020/09/27 03:44:41 Byte sent 		: 11169 Bytes.
Processor_12020/09/27 03:44:41 Total byte sent	: 893105 Bytes.

Processor_12020/09/27 03:44:42 Sun, 27 Sep 2020 03:44:42 CDT
Processor_12020/09/27 03:44:42 Byte sent 		: 11169 Bytes.
Processor_12020/09/27 03:44:42 Total byte sent	: 904274 Bytes.

Processor_12020/09/27 03:44:43 Sun, 27 Sep 2020 03:44:43 CDT
Processor_12020/09/27 03:44:43 Byte sent 		: 11169 Bytes.
Processor_12020/09/27 03:44:43 Total byte sent	: 915443 Bytes.

Processor_12020/09/27 03:44:44 Sun, 27 Sep 2020 03:44:44 CDT
Processor_12020/09/27 03:44:44 Byte sent 		: 11178 Bytes.
Processor_12020/09/27 03:44:44 Total byte sent	: 926621 Bytes.

Processor_12020/09/27 03:44:45 Sun, 27 Sep 2020 03:44:45 CDT
Processor_12020/09/27 03:44:45 Byte sent 		: 11178 Bytes.
Processor_12020/09/27 03:44:45 Total byte sent	: 937799 Bytes.

Processor_12020/09/27 03:44:46 Sun, 27 Sep 2020 03:44:46 CDT
Processor_12020/09/27 03:44:46 Byte sent 		: 11187 Bytes.
Processor_12020/09/27 03:44:46 Total byte sent	: 948986 Bytes.

Processor_12020/09/27 03:44:47 Sun, 27 Sep 2020 03:44:47 CDT
Processor_12020/09/27 03:44:47 Byte sent 		: 11187 Bytes.
Processor_12020/09/27 03:44:47 Total byte sent	: 960173 Bytes.

Processor_12020/09/27 03:44:48 Sun, 27 Sep 2020 03:44:48 CDT
Processor_12020/09/27 03:44:48 Byte sent 		: 11187 Bytes.
Processor_12020/09/27 03:44:48 Total byte sent	: 971360 Bytes.

Processor_12020/09/27 03:44:49 Sun, 27 Sep 2020 03:44:49 CDT
Processor_12020/09/27 03:44:49 Byte sent 		: 11196 Bytes.
Processor_12020/09/27 03:44:49 Total byte sent	: 982556 Bytes.

Processor_12020/09/27 03:44:50 Sun, 27 Sep 2020 03:44:50 CDT
Processor_12020/09/27 03:44:50 Byte sent 		: 11196 Bytes.
Processor_12020/09/27 03:44:50 Total byte sent	: 993752 Bytes.

Processor_12020/09/27 03:44:51 Sun, 27 Sep 2020 03:44:51 CDT
Processor_12020/09/27 03:44:51 Byte sent 		: 11196 Bytes.
Processor_12020/09/27 03:44:51 Total byte sent	: 1004948 Bytes.

Processor_12020/09/27 03:44:52 Sun, 27 Sep 2020 03:44:52 CDT
Processor_12020/09/27 03:44:52 Byte sent 		: 11196 Bytes.
Processor_12020/09/27 03:44:52 Total byte sent	: 1016144 Bytes.

Processor_12020/09/27 03:44:53 Sun, 27 Sep 2020 03:44:53 CDT
Processor_12020/09/27 03:44:53 Byte sent 		: 11205 Bytes.
Processor_12020/09/27 03:44:53 Total byte sent	: 1027349 Bytes.

Processor_12020/09/27 03:44:54 Sun, 27 Sep 2020 03:44:54 CDT
Processor_12020/09/27 03:44:54 Byte sent 		: 11205 Bytes.
Processor_12020/09/27 03:44:54 Total byte sent	: 1038554 Bytes.

Processor_12020/09/27 03:44:55 Sun, 27 Sep 2020 03:44:55 CDT
Processor_12020/09/27 03:44:55 Byte sent 		: 11205 Bytes.
Processor_12020/09/27 03:44:55 Total byte sent	: 1049759 Bytes.

Processor_12020/09/27 03:44:56 Sun, 27 Sep 2020 03:44:56 CDT
Processor_12020/09/27 03:44:56 Byte sent 		: 11205 Bytes.
Processor_12020/09/27 03:44:56 Total byte sent	: 1060964 Bytes.

Processor_12020/09/27 03:44:57 Sun, 27 Sep 2020 03:44:57 CDT
Processor_12020/09/27 03:44:57 Byte sent 		: 11205 Bytes.
Processor_12020/09/27 03:44:57 Total byte sent	: 1072169 Bytes.

Processor_12020/09/27 03:44:58 Sun, 27 Sep 2020 03:44:58 CDT
Processor_12020/09/27 03:44:58 Byte sent 		: 11205 Bytes.
Processor_12020/09/27 03:44:58 Total byte sent	: 1083374 Bytes.

Processor_12020/09/27 03:44:59 Sun, 27 Sep 2020 03:44:59 CDT
Processor_12020/09/27 03:44:59 Byte sent 		: 11205 Bytes.
Processor_12020/09/27 03:44:59 Total byte sent	: 1094579 Bytes.

Processor_12020/09/27 03:45:00 Sun, 27 Sep 2020 03:45:00 CDT
Processor_12020/09/27 03:45:00 Byte sent 		: 11205 Bytes.
Processor_12020/09/27 03:45:00 Total byte sent	: 1105784 Bytes.

Processor_12020/09/27 03:45:01 Sun, 27 Sep 2020 03:45:01 CDT
Processor_12020/09/27 03:45:01 Byte sent 		: 11205 Bytes.
Processor_12020/09/27 03:45:01 Total byte sent	: 1116989 Bytes.

Processor_12020/09/27 03:45:02 Sun, 27 Sep 2020 03:45:02 CDT
Processor_12020/09/27 03:45:02 Byte sent 		: 11205 Bytes.
Processor_12020/09/27 03:45:02 Total byte sent	: 1128194 Bytes.

Processor_12020/09/27 03:45:03 Sun, 27 Sep 2020 03:45:03 CDT
Processor_12020/09/27 03:45:03 Byte sent 		: 11205 Bytes.
Processor_12020/09/27 03:45:03 Total byte sent	: 1139399 Bytes.

Processor_12020/09/27 03:45:04 Sun, 27 Sep 2020 03:45:04 CDT
Processor_12020/09/27 03:45:04 Byte sent 		: 11205 Bytes.
Processor_12020/09/27 03:45:04 Total byte sent	: 1150604 Bytes.

Processor_12020/09/27 03:45:05 Sun, 27 Sep 2020 03:45:05 CDT
Processor_12020/09/27 03:45:05 Byte sent 		: 11205 Bytes.
Processor_12020/09/27 03:45:05 Total byte sent	: 1161809 Bytes.

Processor_12020/09/27 03:45:06 Sun, 27 Sep 2020 03:45:06 CDT
Processor_12020/09/27 03:45:06 Byte sent 		: 11205 Bytes.
Processor_12020/09/27 03:45:06 Total byte sent	: 1173014 Bytes.

Processor_12020/09/27 03:45:07 Sun, 27 Sep 2020 03:45:07 CDT
Processor_12020/09/27 03:45:07 Byte sent 		: 11205 Bytes.
Processor_12020/09/27 03:45:07 Total byte sent	: 1184219 Bytes.

Processor_12020/09/27 03:45:08 Sun, 27 Sep 2020 03:45:08 CDT
Processor_12020/09/27 03:45:08 Byte sent 		: 11205 Bytes.
Processor_12020/09/27 03:45:08 Total byte sent	: 1195424 Bytes.

Processor_12020/09/27 03:45:09 Sun, 27 Sep 2020 03:45:09 CDT
Processor_12020/09/27 03:45:09 Byte sent 		: 11205 Bytes.
Processor_12020/09/27 03:45:09 Total byte sent	: 1206629 Bytes.

Processor_12020/09/27 03:45:10 Sun, 27 Sep 2020 03:45:10 CDT
Processor_12020/09/27 03:45:10 Byte sent 		: 11205 Bytes.
Processor_12020/09/27 03:45:10 Total byte sent	: 1217834 Bytes.

Processor_12020/09/27 03:45:11 Sun, 27 Sep 2020 03:45:11 CDT
Processor_12020/09/27 03:45:11 Byte sent 		: 11205 Bytes.
Processor_12020/09/27 03:45:11 Total byte sent	: 1229039 Bytes.

Processor_12020/09/27 03:45:12 Sun, 27 Sep 2020 03:45:12 CDT
Processor_12020/09/27 03:45:12 Byte sent 		: 11205 Bytes.
Processor_12020/09/27 03:45:12 Total byte sent	: 1240244 Bytes.

Processor_12020/09/27 03:45:13 Sun, 27 Sep 2020 03:45:13 CDT
Processor_12020/09/27 03:45:13 Byte sent 		: 11205 Bytes.
Processor_12020/09/27 03:45:13 Total byte sent	: 1251449 Bytes.

Processor_12020/09/27 03:45:14 Sun, 27 Sep 2020 03:45:14 CDT
Processor_12020/09/27 03:45:14 Byte sent 		: 11205 Bytes.
Processor_12020/09/27 03:45:14 Total byte sent	: 1262654 Bytes.

Processor_12020/09/27 03:45:15 Sun, 27 Sep 2020 03:45:15 CDT
Processor_12020/09/27 03:45:15 Byte sent 		: 11205 Bytes.
Processor_12020/09/27 03:45:15 Total byte sent	: 1273859 Bytes.

Processor_12020/09/27 03:45:16 Sun, 27 Sep 2020 03:45:16 CDT
Processor_12020/09/27 03:45:16 Byte sent 		: 11196 Bytes.
Processor_12020/09/27 03:45:16 Total byte sent	: 1285055 Bytes.

Processor_12020/09/27 03:45:17 Sun, 27 Sep 2020 03:45:17 CDT
Processor_12020/09/27 03:45:17 Byte sent 		: 11169 Bytes.
Processor_12020/09/27 03:45:17 Total byte sent	: 1296224 Bytes.

Processor_12020/09/27 03:45:18 Sun, 27 Sep 2020 03:45:18 CDT
Processor_12020/09/27 03:45:18 Byte sent 		: 11160 Bytes.
Processor_12020/09/27 03:45:18 Total byte sent	: 1307384 Bytes.

Processor_12020/09/27 03:45:19 Sun, 27 Sep 2020 03:45:19 CDT
Processor_12020/09/27 03:45:19 Byte sent 		: 11160 Bytes.
Processor_12020/09/27 03:45:19 Total byte sent	: 1318544 Bytes.

Processor_12020/09/27 03:45:20 Sun, 27 Sep 2020 03:45:20 CDT
Processor_12020/09/27 03:45:20 Byte sent 		: 11151 Bytes.
Processor_12020/09/27 03:45:20 Total byte sent	: 1329695 Bytes.

Processor_12020/09/27 03:45:21 Sun, 27 Sep 2020 03:45:21 CDT
Processor_12020/09/27 03:45:21 Byte sent 		: 8944 Bytes.
Processor_12020/09/27 03:45:21 Total byte sent	: 1338639 Bytes.

Processor_12020/09/27 03:45:22 Sun, 27 Sep 2020 03:45:22 CDT
Processor_12020/09/27 03:45:22 Byte sent 		: 3810 Bytes.
Processor_12020/09/27 03:45:22 Total byte sent	: 1342449 Bytes.

Processor_12020/09/27 03:45:23 Sun, 27 Sep 2020 03:45:23 CDT
Processor_12020/09/27 03:45:23 Byte sent 		: 2576 Bytes.
Processor_12020/09/27 03:45:23 Total byte sent	: 1345025 Bytes.

Processor_12020/09/27 03:45:24 Sun, 27 Sep 2020 03:45:24 CDT
Processor_12020/09/27 03:45:24 Byte sent 		: 2576 Bytes.
Processor_12020/09/27 03:45:24 Total byte sent	: 1347601 Bytes.

Processor_12020/09/27 03:45:25 Sun, 27 Sep 2020 03:45:25 CDT
Processor_12020/09/27 03:45:25 Byte sent 		: 1572 Bytes.
Processor_12020/09/27 03:45:25 Total byte sent	: 1349173 Bytes.

Processor_12020/09/27 03:45:26 Sun, 27 Sep 2020 03:45:26 CDT
Processor_12020/09/27 03:45:26 Byte sent 		: 284 Bytes.
Processor_12020/09/27 03:45:26 Total byte sent	: 1349457 Bytes.

